<?xml version="1.0" encoding="UTF-8"?>
<testsuite xmlns:xsi="http://www.w3.org/2001/XMLSchema-instance" xsi:noNamespaceSchemaLocation="https://maven.apache.org/surefire/maven-surefire-plugin/xsd/surefire-test-report.xsd" version="3.0.2" name="com.example.DiceScoreTest" time="4.931" tests="4" errors="0" skipped="0" failures="0" flakes="0">
  <properties>
[...]
</properties>
  <testcase name="scoreMaxQuandDesDifferents" classname="com.example.DiceScoreTest" time="4.786"/>
  <testcase name="deuxDesIdentiquesRetourneValeurX2Plus10" classname="com.example.DiceScoreTest" time="0.011"/>
  <testcase name="desDifferents_premierPlusGrand" classname="com.example.DiceScoreTest" time="0.022"/>
  <testcase name="deuxDesSix_retourne30" classname="com.example.DiceScoreTest" time="0.009"/>
</testsuite>