GROUP,PACKAGE,CLASS,INSTRUCTION_MISSED,INSTRUCTION_COVERED,BRANCH_MISSED,BRANCH_COVERED,LINE_MISSED,LINE_COVERED,COMPLEXITY_MISSED,COMPLEXITY_COVERED,METHOD_MISSED,METHOD_COVERED
mediacity,com.example.mediacity.service,ReservationService,0,34,0,2,0,8,0,5,0,4
mediacity,com.example.mediacity.service,LoanService,10,164,3,11,1,31,4,14,1,10
mediacity,com.example.mediacity.repository,InMemoryReservationRepository,8,58,0,0,3,12,1,6,1,6
mediacity,com.example.mediacity.repository,InMemoryLoanRepository,27,62,0,0,6,13,4,5,4,5
