GROUP,PACKAGE,CLASS,INSTRUCTION_MISSED,INSTRUCTION_COVERED,BRANCH_MISSED,BRANCH_COVERED,LINE_MISSED,LINE_COVERED,COMPLEXITY_MISSED,COMPLEXITY_COVERED,METHOD_MISSED,METHOD_COVERED
bank-api,com.example.bankapi.service,AccountService,4,153,3,15,2,28,4,14,1,8
bank-api,com.example.bankapi.controller,BankApiExceptionHandler,7,47,0,0,2,13,1,6,1,6
bank-api,com.example.bankapi.controller,AccountController,0,71,0,0,0,16,0,7,0,7
bank-api,com.example.bankapi.repository,InMemoryAccountRepository,0,44,0,0,0,10,0,6,0,6
