GROUP,PACKAGE,CLASS,INSTRUCTION_MISSED,INSTRUCTION_COVERED,BRANCH_MISSED,BRANCH_COVERED,LINE_MISSED,LINE_COVERED,COMPLEXITY_MISSED,COMPLEXITY_COVERED,METHOD_MISSED,METHOD_COVERED
room-api,com.example.roomapi.controller,RoomApiExceptionHandler,7,39,0,0,2,11,1,5,1,5
room-api,com.example.roomapi.controller,ReservationController,0,47,0,0,0,12,0,4,0,4
room-api,com.example.roomapi.controller,RoomController,11,25,0,0,4,8,1,2,1,2
room-api,com.example.roomapi.service,ReservationService,11,123,7,13,3,22,8,11,1,8
room-api,com.example.roomapi.service,RoomService,32,21,3,3,7,6,7,2,4,2
room-api,com.example.roomapi.repository,InMemoryRoomRepository,12,49,0,0,4,11,1,4,1,4
room-api,com.example.roomapi.repository,InMemoryReservationRepository,0,77,0,0,0,16,0,7,0,7
