<?xml version="1.0" encoding="UTF-8"?>
<testsuite xmlns:xsi="http://www.w3.org/2001/XMLSchema-instance" xsi:noNamespaceSchemaLocation="https://maven.apache.org/surefire/maven-surefire-plugin/xsd/surefire-test-report.xsd" version="3.0.2" name="com.example.bankapi.bdd.RunCucumberTest" time="0.828" tests="7" errors="0" skipped="0" failures="0" flakes="0">
  <properties>
[...]
</properties>
  <testcase name="Création d&apos;un nouveau compte" classname="RunCucumberTest" time="0.159">
    <system-out><![CDATA[2026-06-26T16:49:45.630+02:00  INFO 26772 --- [bank-api] [           main] t.c.s.AnnotationConfigContextLoaderUtils : Could not detect default configuration classes for test class [com.example.bankapi.bdd.CucumberSpringConfiguration]: CucumberSpringConfiguration does not declare any static, non-private, non-final, nested classes annotated with @Configuration.
2026-06-26T16:49:45.642+02:00  INFO 26772 --- [bank-api] [           main] .b.t.c.SpringBootTestContextBootstrapper : Found @SpringBootConfiguration com.example.bankapi.BankApiApplication for test class com.example.bankapi.bdd.CucumberSpringConfiguration

Scenario: Création d'un nouveau compte                            &amp#27;[90m# features/accounts.feature:3&amp#27;[0m
  &amp#27;[32mGiven &amp#27;[0m&amp#27;[32maucun compte n'existe&amp#27;[0m                                     &amp#27;[90m# com.example.bankapi.bdd.BankApiStepDefinitions.noAccountExists()&amp#27;[0m
  &amp#27;[32mWhen &amp#27;[0m&amp#27;[32mje crée un compte avec le numéro &amp#27;[0m&amp#27;[32m&amp#27;[1m"FR001"&amp#27;[0m&amp#27;[32m au nom de &amp#27;[0m&amp#27;[32m&amp#27;[1m"Alice"&amp#27;[0m &amp#27;[90m# com.example.bankapi.bdd.BankApiStepDefinitions.createAccount(java.lang.String,java.lang.String)&amp#27;[0m
  &amp#27;[32mThen &amp#27;[0m&amp#27;[32mla réponse HTTP doit être &amp#27;[0m&amp#27;[32m&amp#27;[1m201&amp#27;[0m                              &amp#27;[90m# com.example.bankapi.bdd.BankApiStepDefinitions.responseStatusShouldBe(int)&amp#27;[0m
  &amp#27;[32mAnd &amp#27;[0m&amp#27;[32mle solde du compte &amp#27;[0m&amp#27;[32m&amp#27;[1m"FR001"&amp#27;[0m&amp#27;[32m doit être &amp#27;[0m&amp#27;[32m&amp#27;[1m0&amp#27;[0m&amp#27;[32m euros&amp#27;[0m                &amp#27;[90m# com.example.bankapi.bdd.BankApiStepDefinitions.balanceShouldBe(java.lang.String,int)&amp#27;[0m
]]></system-out>
  </testcase>
  <testcase name="Refus de création si le numéro existe déjà" classname="RunCucumberTest" time="0.026">
    <system-out><![CDATA[2026-06-26T16:49:45.767+02:00  INFO 26772 --- [bank-api] [           main] t.c.s.AnnotationConfigContextLoaderUtils : Could not detect default configuration classes for test class [com.example.bankapi.bdd.CucumberSpringConfiguration]: CucumberSpringConfiguration does not declare any static, non-private, non-final, nested classes annotated with @Configuration.
2026-06-26T16:49:45.771+02:00  INFO 26772 --- [bank-api] [           main] .b.t.c.SpringBootTestContextBootstrapper : Found @SpringBootConfiguration com.example.bankapi.BankApiApplication for test class com.example.bankapi.bdd.CucumberSpringConfiguration

Scenario: Refus de création si le numéro existe déjà                        &amp#27;[90m# features/accounts.feature:9&amp#27;[0m
  &amp#27;[32mGiven &amp#27;[0m&amp#27;[32mun compte &amp#27;[0m&amp#27;[32m&amp#27;[1m"FR001"&amp#27;[0m&amp#27;[32m au nom de &amp#27;[0m&amp#27;[32m&amp#27;[1m"Alice"&amp#27;[0m&amp#27;[32m existe avec un solde de &amp#27;[0m&amp#27;[32m&amp#27;[1m0&amp#27;[0m&amp#27;[32m euros&amp#27;[0m &amp#27;[90m# com.example.bankapi.bdd.BankApiStepDefinitions.accountExistsWithBalance(java.lang.String,java.lang.String,int)&amp#27;[0m
  &amp#27;[32mWhen &amp#27;[0m&amp#27;[32mje crée un compte avec le numéro &amp#27;[0m&amp#27;[32m&amp#27;[1m"FR001"&amp#27;[0m&amp#27;[32m au nom de &amp#27;[0m&amp#27;[32m&amp#27;[1m"Alice"&amp#27;[0m           &amp#27;[90m# com.example.bankapi.bdd.BankApiStepDefinitions.createAccount(java.lang.String,java.lang.String)&amp#27;[0m
  &amp#27;[32mThen &amp#27;[0m&amp#27;[32mla réponse HTTP doit être &amp#27;[0m&amp#27;[32m&amp#27;[1m409&amp#27;[0m                                        &amp#27;[90m# com.example.bankapi.bdd.BankApiStepDefinitions.responseStatusShouldBe(int)&amp#27;[0m
]]></system-out>
  </testcase>
  <testcase name="Dépôt d&apos;argent sur un compte" classname="RunCucumberTest" time="0.021">
    <system-out><![CDATA[2026-06-26T16:49:45.795+02:00  INFO 26772 --- [bank-api] [           main] t.c.s.AnnotationConfigContextLoaderUtils : Could not detect default configuration classes for test class [com.example.bankapi.bdd.CucumberSpringConfiguration]: CucumberSpringConfiguration does not declare any static, non-private, non-final, nested classes annotated with @Configuration.
2026-06-26T16:49:45.797+02:00  INFO 26772 --- [bank-api] [           main] .b.t.c.SpringBootTestContextBootstrapper : Found @SpringBootConfiguration com.example.bankapi.BankApiApplication for test class com.example.bankapi.bdd.CucumberSpringConfiguration

Scenario: Dépôt d'argent sur un compte                                      &amp#27;[90m# features/accounts.feature:14&amp#27;[0m
  &amp#27;[32mGiven &amp#27;[0m&amp#27;[32mun compte &amp#27;[0m&amp#27;[32m&amp#27;[1m"FR001"&amp#27;[0m&amp#27;[32m au nom de &amp#27;[0m&amp#27;[32m&amp#27;[1m"Alice"&amp#27;[0m&amp#27;[32m existe avec un solde de &amp#27;[0m&amp#27;[32m&amp#27;[1m0&amp#27;[0m&amp#27;[32m euros&amp#27;[0m &amp#27;[90m# com.example.bankapi.bdd.BankApiStepDefinitions.accountExistsWithBalance(java.lang.String,java.lang.String,int)&amp#27;[0m
  &amp#27;[32mWhen &amp#27;[0m&amp#27;[32mje dépose &amp#27;[0m&amp#27;[32m&amp#27;[1m500&amp#27;[0m&amp#27;[32m euros sur le compte &amp#27;[0m&amp#27;[32m&amp#27;[1m"FR001"&amp#27;[0m                            &amp#27;[90m# com.example.bankapi.bdd.BankApiStepDefinitions.deposit(int,java.lang.String)&amp#27;[0m
  &amp#27;[32mThen &amp#27;[0m&amp#27;[32mla réponse HTTP doit être &amp#27;[0m&amp#27;[32m&amp#27;[1m200&amp#27;[0m                                        &amp#27;[90m# com.example.bankapi.bdd.BankApiStepDefinitions.responseStatusShouldBe(int)&amp#27;[0m
  &amp#27;[32mAnd &amp#27;[0m&amp#27;[32mle solde du compte &amp#27;[0m&amp#27;[32m&amp#27;[1m"FR001"&amp#27;[0m&amp#27;[32m doit être &amp#27;[0m&amp#27;[32m&amp#27;[1m500&amp#27;[0m&amp#27;[32m euros&amp#27;[0m                        &amp#27;[90m# com.example.bankapi.bdd.BankApiStepDefinitions.balanceShouldBe(java.lang.String,int)&amp#27;[0m
]]></system-out>
  </testcase>
  <testcase name="Retrait avec fonds suffisants" classname="RunCucumberTest" time="0.023">
    <system-out><![CDATA[2026-06-26T16:49:45.816+02:00  INFO 26772 --- [bank-api] [           main] t.c.s.AnnotationConfigContextLoaderUtils : Could not detect default configuration classes for test class [com.example.bankapi.bdd.CucumberSpringConfiguration]: CucumberSpringConfiguration does not declare any static, non-private, non-final, nested classes annotated with @Configuration.
2026-06-26T16:49:45.818+02:00  INFO 26772 --- [bank-api] [           main] .b.t.c.SpringBootTestContextBootstrapper : Found @SpringBootConfiguration com.example.bankapi.BankApiApplication for test class com.example.bankapi.bdd.CucumberSpringConfiguration

Scenario: Retrait avec fonds suffisants                                       &amp#27;[90m# features/accounts.feature:20&amp#27;[0m
  &amp#27;[32mGiven &amp#27;[0m&amp#27;[32mun compte &amp#27;[0m&amp#27;[32m&amp#27;[1m"FR001"&amp#27;[0m&amp#27;[32m au nom de &amp#27;[0m&amp#27;[32m&amp#27;[1m"Alice"&amp#27;[0m&amp#27;[32m existe avec un solde de &amp#27;[0m&amp#27;[32m&amp#27;[1m500&amp#27;[0m&amp#27;[32m euros&amp#27;[0m &amp#27;[90m# com.example.bankapi.bdd.BankApiStepDefinitions.accountExistsWithBalance(java.lang.String,java.lang.String,int)&amp#27;[0m
  &amp#27;[32mWhen &amp#27;[0m&amp#27;[32mje retire &amp#27;[0m&amp#27;[32m&amp#27;[1m200&amp#27;[0m&amp#27;[32m euros du compte &amp#27;[0m&amp#27;[32m&amp#27;[1m"FR001"&amp#27;[0m                                  &amp#27;[90m# com.example.bankapi.bdd.BankApiStepDefinitions.withdraw(int,java.lang.String)&amp#27;[0m
  &amp#27;[32mThen &amp#27;[0m&amp#27;[32mla réponse HTTP doit être &amp#27;[0m&amp#27;[32m&amp#27;[1m200&amp#27;[0m                                          &amp#27;[90m# com.example.bankapi.bdd.BankApiStepDefinitions.responseStatusShouldBe(int)&amp#27;[0m
  &amp#27;[32mAnd &amp#27;[0m&amp#27;[32mle solde du compte &amp#27;[0m&amp#27;[32m&amp#27;[1m"FR001"&amp#27;[0m&amp#27;[32m doit être &amp#27;[0m&amp#27;[32m&amp#27;[1m300&amp#27;[0m&amp#27;[32m euros&amp#27;[0m                          &amp#27;[90m# com.example.bankapi.bdd.BankApiStepDefinitions.balanceShouldBe(java.lang.String,int)&amp#27;[0m
]]></system-out>
  </testcase>
  <testcase name="Retrait avec fonds insuffisants" classname="RunCucumberTest" time="0.02">
    <system-out><![CDATA[2026-06-26T16:49:45.839+02:00  INFO 26772 --- [bank-api] [           main] t.c.s.AnnotationConfigContextLoaderUtils : Could not detect default configuration classes for test class [com.example.bankapi.bdd.CucumberSpringConfiguration]: CucumberSpringConfiguration does not declare any static, non-private, non-final, nested classes annotated with @Configuration.
2026-06-26T16:49:45.841+02:00  INFO 26772 --- [bank-api] [           main] .b.t.c.SpringBootTestContextBootstrapper : Found @SpringBootConfiguration com.example.bankapi.BankApiApplication for test class com.example.bankapi.bdd.CucumberSpringConfiguration

Scenario: Retrait avec fonds insuffisants                                    &amp#27;[90m# features/accounts.feature:26&amp#27;[0m
  &amp#27;[32mGiven &amp#27;[0m&amp#27;[32mun compte &amp#27;[0m&amp#27;[32m&amp#27;[1m"FR001"&amp#27;[0m&amp#27;[32m au nom de &amp#27;[0m&amp#27;[32m&amp#27;[1m"Alice"&amp#27;[0m&amp#27;[32m existe avec un solde de &amp#27;[0m&amp#27;[32m&amp#27;[1m50&amp#27;[0m&amp#27;[32m euros&amp#27;[0m &amp#27;[90m# com.example.bankapi.bdd.BankApiStepDefinitions.accountExistsWithBalance(java.lang.String,java.lang.String,int)&amp#27;[0m
  &amp#27;[32mWhen &amp#27;[0m&amp#27;[32mje retire &amp#27;[0m&amp#27;[32m&amp#27;[1m200&amp#27;[0m&amp#27;[32m euros du compte &amp#27;[0m&amp#27;[32m&amp#27;[1m"FR001"&amp#27;[0m                                 &amp#27;[90m# com.example.bankapi.bdd.BankApiStepDefinitions.withdraw(int,java.lang.String)&amp#27;[0m
  &amp#27;[32mThen &amp#27;[0m&amp#27;[32mla réponse HTTP doit être &amp#27;[0m&amp#27;[32m&amp#27;[1m422&amp#27;[0m                                         &amp#27;[90m# com.example.bankapi.bdd.BankApiStepDefinitions.responseStatusShouldBe(int)&amp#27;[0m
]]></system-out>
  </testcase>
  <testcase name="Virement entre deux comptes" classname="RunCucumberTest" time="0.028">
    <system-out><![CDATA[2026-06-26T16:49:45.859+02:00  INFO 26772 --- [bank-api] [           main] t.c.s.AnnotationConfigContextLoaderUtils : Could not detect default configuration classes for test class [com.example.bankapi.bdd.CucumberSpringConfiguration]: CucumberSpringConfiguration does not declare any static, non-private, non-final, nested classes annotated with @Configuration.
2026-06-26T16:49:45.861+02:00  INFO 26772 --- [bank-api] [           main] .b.t.c.SpringBootTestContextBootstrapper : Found @SpringBootConfiguration com.example.bankapi.BankApiApplication for test class com.example.bankapi.bdd.CucumberSpringConfiguration

Scenario: Virement entre deux comptes                                               &amp#27;[90m# features/accounts.feature:31&amp#27;[0m
  &amp#27;[32mGiven &amp#27;[0m&amp#27;[32mun compte &amp#27;[0m&amp#27;[32m&amp#27;[1m"FR001"&amp#27;[0m&amp#27;[32m au nom de &amp#27;[0m&amp#27;[32m&amp#27;[1m"Alice"&amp#27;[0m&amp#27;[32m existe avec un solde de &amp#27;[0m&amp#27;[32m&amp#27;[1m500&amp#27;[0m&amp#27;[32m euros&amp#27;[0m       &amp#27;[90m# com.example.bankapi.bdd.BankApiStepDefinitions.accountExistsWithBalance(java.lang.String,java.lang.String,int)&amp#27;[0m
  &amp#27;[32mAnd &amp#27;[0m&amp#27;[32mun second compte &amp#27;[0m&amp#27;[32m&amp#27;[1m"FR002"&amp#27;[0m&amp#27;[32m au nom de &amp#27;[0m&amp#27;[32m&amp#27;[1m"Bob"&amp#27;[0m&amp#27;[32m existe&amp#27;[0m                               &amp#27;[90m# com.example.bankapi.bdd.BankApiStepDefinitions.secondAccountExists(java.lang.String,java.lang.String)&amp#27;[0m
  &amp#27;[32mWhen &amp#27;[0m&amp#27;[32mj'effectue un virement de &amp#27;[0m&amp#27;[32m&amp#27;[1m200&amp#27;[0m&amp#27;[32m euros du compte &amp#27;[0m&amp#27;[32m&amp#27;[1m"FR001"&amp#27;[0m&amp#27;[32m vers le compte &amp#27;[0m&amp#27;[32m&amp#27;[1m"FR002"&amp#27;[0m &amp#27;[90m# com.example.bankapi.bdd.BankApiStepDefinitions.transfer(int,java.lang.String,java.lang.String)&amp#27;[0m
  &amp#27;[32mThen &amp#27;[0m&amp#27;[32mla réponse HTTP doit être &amp#27;[0m&amp#27;[32m&amp#27;[1m200&amp#27;[0m                                                &amp#27;[90m# com.example.bankapi.bdd.BankApiStepDefinitions.responseStatusShouldBe(int)&amp#27;[0m
]]></system-out>
  </testcase>
  <testcase name="Virement refusé pour solde insuffisant" classname="RunCucumberTest" time="0.021">
    <system-out><![CDATA[2026-06-26T16:49:45.887+02:00  INFO 26772 --- [bank-api] [           main] t.c.s.AnnotationConfigContextLoaderUtils : Could not detect default configuration classes for test class [com.example.bankapi.bdd.CucumberSpringConfiguration]: CucumberSpringConfiguration does not declare any static, non-private, non-final, nested classes annotated with @Configuration.
2026-06-26T16:49:45.888+02:00  INFO 26772 --- [bank-api] [           main] .b.t.c.SpringBootTestContextBootstrapper : Found @SpringBootConfiguration com.example.bankapi.BankApiApplication for test class com.example.bankapi.bdd.CucumberSpringConfiguration

Scenario: Virement refusé pour solde insuffisant                                    &amp#27;[90m# features/accounts.feature:37&amp#27;[0m
  &amp#27;[32mGiven &amp#27;[0m&amp#27;[32mun compte &amp#27;[0m&amp#27;[32m&amp#27;[1m"FR001"&amp#27;[0m&amp#27;[32m au nom de &amp#27;[0m&amp#27;[32m&amp#27;[1m"Alice"&amp#27;[0m&amp#27;[32m existe avec un solde de &amp#27;[0m&amp#27;[32m&amp#27;[1m50&amp#27;[0m&amp#27;[32m euros&amp#27;[0m        &amp#27;[90m# com.example.bankapi.bdd.BankApiStepDefinitions.accountExistsWithBalance(java.lang.String,java.lang.String,int)&amp#27;[0m
  &amp#27;[32mAnd &amp#27;[0m&amp#27;[32mun second compte &amp#27;[0m&amp#27;[32m&amp#27;[1m"FR002"&amp#27;[0m&amp#27;[32m au nom de &amp#27;[0m&amp#27;[32m&amp#27;[1m"Bob"&amp#27;[0m&amp#27;[32m existe&amp#27;[0m                               &amp#27;[90m# com.example.bankapi.bdd.BankApiStepDefinitions.secondAccountExists(java.lang.String,java.lang.String)&amp#27;[0m
  &amp#27;[32mWhen &amp#27;[0m&amp#27;[32mj'effectue un virement de &amp#27;[0m&amp#27;[32m&amp#27;[1m200&amp#27;[0m&amp#27;[32m euros du compte &amp#27;[0m&amp#27;[32m&amp#27;[1m"FR001"&amp#27;[0m&amp#27;[32m vers le compte &amp#27;[0m&amp#27;[32m&amp#27;[1m"FR002"&amp#27;[0m &amp#27;[90m# com.example.bankapi.bdd.BankApiStepDefinitions.transfer(int,java.lang.String,java.lang.String)&amp#27;[0m
  &amp#27;[32mThen &amp#27;[0m&amp#27;[32mla réponse HTTP doit être &amp#27;[0m&amp#27;[32m&amp#27;[1m422&amp#27;[0m                                                &amp#27;[90m# com.example.bankapi.bdd.BankApiStepDefinitions.responseStatusShouldBe(int)&amp#27;[0m
]]></system-out>
  </testcase>
</testsuite>