<?xml version="1.0" encoding="UTF-8"?>
<testsuite xmlns:xsi="http://www.w3.org/2001/XMLSchema-instance" xsi:noNamespaceSchemaLocation="https://maven.apache.org/surefire/maven-surefire-plugin/xsd/surefire-test-report.xsd" version="3.0.2" name="com.example.RunCucumberTest" time="10.438" tests="5" errors="0" skipped="0" failures="0" flakes="0">
  <properties>
[...]
</properties>
  <testcase name="Commande acceptée pour un client STANDARD" classname="RunCucumberTest" time="6.912">
    <system-out><![CDATA[
&amp#27;[1mScenario:&amp#27;[22m Commande acceptÃ©e pour un client STANDARD                              &amp#27;[90m# classpath:features/commande-acceptee.feature:3&amp#27;[39m
  &amp#27;[32mâœ”&amp#27;[39m &amp#27;[32m&amp#27;[1mGiven &amp#27;[22mun produit &amp#27;[1m"PROD-001"&amp#27;[22m nommÃ© &amp#27;[1m"Clavier"&amp#27;[22m Ã  &amp#27;[1m50.0&amp#27;[22m euros avec un stock de &amp#27;[1m10&amp#27;[22m&amp#27;[39m &amp#27;[90m# com.example.CommandeSteps.unProduit(java.lang.String,java.lang.String,double,int)&amp#27;[39m
  &amp#27;[32mâœ”&amp#27;[39m &amp#27;[32m&amp#27;[1mWhen &amp#27;[22mun client &amp#27;[1mSTANDARD&amp#27;[22m commande &amp#27;[1m2&amp#27;[22m &amp#27;[1m"PROD-001"&amp#27;[22m&amp#27;[39m                                &amp#27;[90m# com.example.CommandeSteps.unClientCommande(java.lang.String,int,java.lang.String)&amp#27;[39m
  &amp#27;[32mâœ”&amp#27;[39m &amp#27;[32m&amp#27;[1mThen &amp#27;[22mla commande est acceptÃ©e&amp#27;[39m                                                &amp#27;[90m# com.example.CommandeSteps.laCommandeEstAcceptee()&amp#27;[39m
  &amp#27;[32mâœ”&amp#27;[39m &amp#27;[32m&amp#27;[1mAnd &amp#27;[22mle montant total est &amp#27;[1m100.0&amp#27;[22m euros&amp#27;[39m                                         &amp#27;[90m# com.example.CommandeSteps.leMontantTotalEst(double)&amp#27;[39m
  &amp#27;[32mâœ”&amp#27;[39m &amp#27;[32m&amp#27;[1mAnd &amp#27;[22mle message de confirmation est &amp#27;[1m"Commande acceptÃ©e"&amp#27;[22m&amp#27;[39m                       &amp#27;[90m# com.example.CommandeSteps.leMessageDeConfirmationEst(java.lang.String)&amp#27;[39m
]]></system-out>
  </testcase>
  <testcase name="Commande acceptée pour un client PREMIUM" classname="RunCucumberTest" time="0.039">
    <system-out><![CDATA[
&amp#27;[1mScenario:&amp#27;[22m Commande acceptÃ©e pour un client PREMIUM                               &amp#27;[90m# classpath:features/commande-acceptee.feature:10&amp#27;[39m
  &amp#27;[32mâœ”&amp#27;[39m &amp#27;[32m&amp#27;[1mGiven &amp#27;[22mun produit &amp#27;[1m"PROD-001"&amp#27;[22m nommÃ© &amp#27;[1m"Clavier"&amp#27;[22m Ã  &amp#27;[1m50.0&amp#27;[22m euros avec un stock de &amp#27;[1m10&amp#27;[22m&amp#27;[39m &amp#27;[90m# com.example.CommandeSteps.unProduit(java.lang.String,java.lang.String,double,int)&amp#27;[39m
  &amp#27;[32mâœ”&amp#27;[39m &amp#27;[32m&amp#27;[1mWhen &amp#27;[22mun client &amp#27;[1mPREMIUM&amp#27;[22m commande &amp#27;[1m2&amp#27;[22m &amp#27;[1m"PROD-001"&amp#27;[22m&amp#27;[39m                                 &amp#27;[90m# com.example.CommandeSteps.unClientCommande(java.lang.String,int,java.lang.String)&amp#27;[39m
  &amp#27;[32mâœ”&amp#27;[39m &amp#27;[32m&amp#27;[1mThen &amp#27;[22mla commande est acceptÃ©e&amp#27;[39m                                                &amp#27;[90m# com.example.CommandeSteps.laCommandeEstAcceptee()&amp#27;[39m
  &amp#27;[32mâœ”&amp#27;[39m &amp#27;[32m&amp#27;[1mAnd &amp#27;[22mle montant total est &amp#27;[1m90.0&amp#27;[22m euros&amp#27;[39m                                          &amp#27;[90m# com.example.CommandeSteps.leMontantTotalEst(double)&amp#27;[39m
  &amp#27;[32mâœ”&amp#27;[39m &amp#27;[32m&amp#27;[1mAnd &amp#27;[22mle message de confirmation est &amp#27;[1m"Commande acceptÃ©e"&amp#27;[22m&amp#27;[39m                       &amp#27;[90m# com.example.CommandeSteps.leMessageDeConfirmationEst(java.lang.String)&amp#27;[39m
]]></system-out>
  </testcase>
  <testcase name="Commande acceptée pour un client VIP" classname="RunCucumberTest" time="0.031">
    <system-out><![CDATA[
&amp#27;[1mScenario:&amp#27;[22m Commande acceptÃ©e pour un client VIP                                   &amp#27;[90m# classpath:features/commande-acceptee.feature:17&amp#27;[39m
  &amp#27;[32mâœ”&amp#27;[39m &amp#27;[32m&amp#27;[1mGiven &amp#27;[22mun produit &amp#27;[1m"PROD-001"&amp#27;[22m nommÃ© &amp#27;[1m"Clavier"&amp#27;[22m Ã  &amp#27;[1m50.0&amp#27;[22m euros avec un stock de &amp#27;[1m10&amp#27;[22m&amp#27;[39m &amp#27;[90m# com.example.CommandeSteps.unProduit(java.lang.String,java.lang.String,double,int)&amp#27;[39m
  &amp#27;[32mâœ”&amp#27;[39m &amp#27;[32m&amp#27;[1mWhen &amp#27;[22mun client &amp#27;[1mVIP&amp#27;[22m commande &amp#27;[1m2&amp#27;[22m &amp#27;[1m"PROD-001"&amp#27;[22m&amp#27;[39m                                     &amp#27;[90m# com.example.CommandeSteps.unClientCommande(java.lang.String,int,java.lang.String)&amp#27;[39m
  &amp#27;[32mâœ”&amp#27;[39m &amp#27;[32m&amp#27;[1mThen &amp#27;[22mla commande est acceptÃ©e&amp#27;[39m                                                &amp#27;[90m# com.example.CommandeSteps.laCommandeEstAcceptee()&amp#27;[39m
  &amp#27;[32mâœ”&amp#27;[39m &amp#27;[32m&amp#27;[1mAnd &amp#27;[22mle montant total est &amp#27;[1m80.0&amp#27;[22m euros&amp#27;[39m                                          &amp#27;[90m# com.example.CommandeSteps.leMontantTotalEst(double)&amp#27;[39m
  &amp#27;[32mâœ”&amp#27;[39m &amp#27;[32m&amp#27;[1mAnd &amp#27;[22mle message de confirmation est &amp#27;[1m"Commande acceptÃ©e"&amp#27;[22m&amp#27;[39m                       &amp#27;[90m# com.example.CommandeSteps.leMessageDeConfirmationEst(java.lang.String)&amp#27;[39m
]]></system-out>
  </testcase>
  <testcase name="Commande refusée si le produit est inconnu" classname="RunCucumberTest" time="0.026">
    <system-out><![CDATA[
&amp#27;[1mScenario:&amp#27;[22m Commande refusÃ©e si le produit est inconnu               &amp#27;[90m# classpath:features/commande-refusee.feature:3&amp#27;[39m
  &amp#27;[32mâœ”&amp#27;[39m &amp#27;[32m&amp#27;[1mGiven &amp#27;[22maucun produit avec la rÃ©fÃ©rence &amp#27;[1m"PROD-999"&amp#27;[22m&amp#27;[39m               &amp#27;[90m# com.example.CommandeSteps.aucunProduit(java.lang.String)&amp#27;[39m
  &amp#27;[32mâœ”&amp#27;[39m &amp#27;[32m&amp#27;[1mWhen &amp#27;[22mun client &amp#27;[1mSTANDARD&amp#27;[22m commande &amp#27;[1m1&amp#27;[22m &amp#27;[1m"PROD-999"&amp#27;[22m&amp#27;[39m                  &amp#27;[90m# com.example.CommandeSteps.unClientCommande(java.lang.String,int,java.lang.String)&amp#27;[39m
  &amp#27;[32mâœ”&amp#27;[39m &amp#27;[32m&amp#27;[1mThen &amp#27;[22mla commande est refusÃ©e avec le message &amp#27;[1m"Produit inconnu"&amp#27;[22m&amp#27;[39m &amp#27;[90m# com.example.CommandeSteps.laCommandeEstRefuseeAvecLeMessage(java.lang.String)&amp#27;[39m
]]></system-out>
  </testcase>
  <testcase name="Commande refusée si le stock est insuffisant" classname="RunCucumberTest" time="0.02">
    <system-out><![CDATA[
&amp#27;[1mScenario:&amp#27;[22m Commande refusÃ©e si le stock est insuffisant                          &amp#27;[90m# classpath:features/commande-refusee.feature:8&amp#27;[39m
  &amp#27;[32mâœ”&amp#27;[39m &amp#27;[32m&amp#27;[1mGiven &amp#27;[22mun produit &amp#27;[1m"PROD-001"&amp#27;[22m nommÃ© &amp#27;[1m"Clavier"&amp#27;[22m Ã  &amp#27;[1m50.0&amp#27;[22m euros avec un stock de &amp#27;[1m3&amp#27;[22m&amp#27;[39m &amp#27;[90m# com.example.CommandeSteps.unProduit(java.lang.String,java.lang.String,double,int)&amp#27;[39m
  &amp#27;[32mâœ”&amp#27;[39m &amp#27;[32m&amp#27;[1mWhen &amp#27;[22mun client &amp#27;[1mSTANDARD&amp#27;[22m commande &amp#27;[1m5&amp#27;[22m &amp#27;[1m"PROD-001"&amp#27;[22m&amp#27;[39m                               &amp#27;[90m# com.example.CommandeSteps.unClientCommande(java.lang.String,int,java.lang.String)&amp#27;[39m
  &amp#27;[32mâœ”&amp#27;[39m &amp#27;[32m&amp#27;[1mThen &amp#27;[22mla commande est refusÃ©e avec le message &amp#27;[1m"Stock insuffisant"&amp#27;[22m&amp#27;[39m            &amp#27;[90m# com.example.CommandeSteps.laCommandeEstRefuseeAvecLeMessage(java.lang.String)&amp#27;[39m
]]></system-out>
  </testcase>
</testsuite>