<?xml version="1.0" encoding="UTF-8"?>
<testsuite xmlns:xsi="http://www.w3.org/2001/XMLSchema-instance" xsi:noNamespaceSchemaLocation="https://maven.apache.org/surefire/maven-surefire-plugin/xsd/surefire-test-report.xsd" version="3.0.2" name="com.example.RunCucumberTest" time="14.604" tests="16" errors="0" skipped="0" failures="0" flakes="0">
  <properties>
[...]
</properties>
  <testcase name="Ajout d&apos;un nouveau produit dans la commande" classname="RunCucumberTest" time="8.891">
    <system-out><![CDATA[
&amp#27;[1mScenario:&amp#27;[22m Ajout d'un nouveau produit dans la commande                        &amp#27;[90m# classpath:features/ajout-commande.feature:4&amp#27;[39m
  &amp#27;[32mâœ”&amp#27;[39m &amp#27;[32m&amp#27;[1mGiven &amp#27;[22mune commande avec l'identifiant &amp#27;[1m1&amp#27;[22m existe&amp#27;[39m                           &amp#27;[90m# com.example.ShopSteps.uneCommandeExiste(long)&amp#27;[39m
  &amp#27;[32mâœ”&amp#27;[39m &amp#27;[32m&amp#27;[1mAnd &amp#27;[22mun produit &amp#27;[1m"chaussures"&amp#27;[22m avec l'identifiant &amp#27;[1m10&amp#27;[22m est disponible&amp#27;[39m         &amp#27;[90m# com.example.ShopSteps.unProduitDisponible(java.lang.String,long)&amp#27;[39m
  &amp#27;[32mâœ”&amp#27;[39m &amp#27;[32m&amp#27;[1mWhen &amp#27;[22mj'ajoute le produit &amp#27;[1m10&amp#27;[22m Ã  la commande &amp#27;[1m1&amp#27;[22m&amp#27;[39m                              &amp#27;[90m# com.example.ShopSteps.jAjouteProduit(long,long)&amp#27;[39m
  &amp#27;[32mâœ”&amp#27;[39m &amp#27;[32m&amp#27;[1mThen &amp#27;[22mle produit &amp#27;[1m"chaussures"&amp#27;[22m est dans la commande avec une quantitÃ© de &amp#27;[1m1&amp#27;[22m&amp#27;[39m &amp#27;[90m# com.example.ShopSteps.leProduitEstDansLaCommandeAvecQuantite(java.lang.String,int)&amp#27;[39m
]]></system-out>
  </testcase>
  <testcase name="Ajout d&apos;un produit déjà présent augmente la quantité" classname="RunCucumberTest" time="0.129">
    <system-out><![CDATA[
&amp#27;[1mScenario:&amp#27;[22m Ajout d'un produit dÃ©jÃ  prÃ©sent augmente la quantitÃ©                         &amp#27;[90m# classpath:features/ajout-commande.feature:10&amp#27;[39m
  &amp#27;[32mâœ”&amp#27;[39m &amp#27;[32m&amp#27;[1mGiven &amp#27;[22mune commande avec l'identifiant &amp#27;[1m1&amp#27;[22m contenant dÃ©jÃ  le produit &amp#27;[1m10&amp#27;[22m en quantitÃ© &amp#27;[1m1&amp#27;[22m&amp#27;[39m &amp#27;[90m# com.example.ShopSteps.uneCommandeAvecProduit(long,long,int)&amp#27;[39m
  &amp#27;[32mâœ”&amp#27;[39m &amp#27;[32m&amp#27;[1mWhen &amp#27;[22mj'ajoute le produit &amp#27;[1m10&amp#27;[22m Ã  la commande &amp#27;[1m1&amp#27;[22m&amp#27;[39m                                        &amp#27;[90m# com.example.ShopSteps.jAjouteProduit(long,long)&amp#27;[39m
  &amp#27;[32mâœ”&amp#27;[39m &amp#27;[32m&amp#27;[1mThen &amp#27;[22mle produit avec l'identifiant &amp#27;[1m10&amp#27;[22m est dans la commande avec une quantitÃ© de &amp#27;[1m2&amp#27;[22m&amp#27;[39m  &amp#27;[90m# com.example.ShopSteps.leProduitIdEstDansLaCommandeAvecQuantite(long,int)&amp#27;[39m
]]></system-out>
  </testcase>
  <testcase name="Ajout sur une commande inexistante renvoie une erreur" classname="RunCucumberTest" time="0.16">
    <system-out><![CDATA[
&amp#27;[1mScenario:&amp#27;[22m Ajout sur une commande inexistante renvoie une erreur     &amp#27;[90m# classpath:features/ajout-commande.feature:15&amp#27;[39m
  &amp#27;[32mâœ”&amp#27;[39m &amp#27;[32m&amp#27;[1mGiven &amp#27;[22maucune commande avec l'identifiant &amp#27;[1m99&amp#27;[22m&amp#27;[39m                     &amp#27;[90m# com.example.ShopSteps.aucuneCommande(long)&amp#27;[39m
  &amp#27;[32mâœ”&amp#27;[39m &amp#27;[32m&amp#27;[1mWhen &amp#27;[22mj'ajoute le produit &amp#27;[1m10&amp#27;[22m Ã  la commande &amp#27;[1m99&amp#27;[22m&amp#27;[39m                    &amp#27;[90m# com.example.ShopSteps.jAjouteProduit(long,long)&amp#27;[39m
  &amp#27;[32mâœ”&amp#27;[39m &amp#27;[32m&amp#27;[1mThen &amp#27;[22mune erreur de commande &amp#27;[1m"Commande introuvable"&amp#27;[22m est renvoyÃ©e&amp#27;[39m &amp#27;[90m# com.example.ShopSteps.uneErreurEstRenvoyee(java.lang.String)&amp#27;[39m
]]></system-out>
  </testcase>
  <testcase name="Connexion réussie" classname="RunCucumberTest" time="0.198">
    <system-out><![CDATA[
&amp#27;[1mScenario:&amp#27;[22m Connexion rÃ©ussie                                              &amp#27;[90m# classpath:features/connexion.feature:4&amp#27;[39m
  &amp#27;[32mâœ”&amp#27;[39m &amp#27;[32m&amp#27;[1mGiven &amp#27;[22mun utilisateur &amp#27;[1m"alice"&amp#27;[22m avec le mot de passe &amp#27;[1m"pass123"&amp#27;[22m existe&amp#27;[39m   &amp#27;[90m# com.example.ShopSteps.unUtilisateurAvecMotDePasseExiste(java.lang.String,java.lang.String)&amp#27;[39m
  &amp#27;[32mâœ”&amp#27;[39m &amp#27;[32m&amp#27;[1mWhen &amp#27;[22mje me connecte avec le nom &amp#27;[1m"alice"&amp#27;[22m et le mot de passe &amp#27;[1m"pass123"&amp#27;[22m&amp#27;[39m &amp#27;[90m# com.example.ShopSteps.jeMeConnecte(java.lang.String,java.lang.String)&amp#27;[39m
  &amp#27;[32mâœ”&amp#27;[39m &amp#27;[32m&amp#27;[1mThen &amp#27;[22mje suis redirigÃ© vers la page d'accueil&amp#27;[39m                         &amp#27;[90m# com.example.ShopSteps.jeSuisRedirige()&amp#27;[39m
]]></system-out>
  </testcase>
  <testcase name="Connexion avec un mauvais mot de passe" classname="RunCucumberTest" time="0.298">
    <system-out><![CDATA[
&amp#27;[1mScenario:&amp#27;[22m Connexion avec un mauvais mot de passe                           &amp#27;[90m# classpath:features/connexion.feature:9&amp#27;[39m
  &amp#27;[32mâœ”&amp#27;[39m &amp#27;[32m&amp#27;[1mGiven &amp#27;[22mun utilisateur &amp#27;[1m"alice"&amp#27;[22m avec le mot de passe &amp#27;[1m"pass123"&amp#27;[22m existe&amp#27;[39m     &amp#27;[90m# com.example.ShopSteps.unUtilisateurAvecMotDePasseExiste(java.lang.String,java.lang.String)&amp#27;[39m
  &amp#27;[32mâœ”&amp#27;[39m &amp#27;[32m&amp#27;[1mWhen &amp#27;[22mje me connecte avec le nom &amp#27;[1m"alice"&amp#27;[22m et le mot de passe &amp#27;[1m"mauvais"&amp#27;[22m&amp#27;[39m   &amp#27;[90m# com.example.ShopSteps.jeMeConnecte(java.lang.String,java.lang.String)&amp#27;[39m
  &amp#27;[32mâœ”&amp#27;[39m &amp#27;[32m&amp#27;[1mThen &amp#27;[22mje vois le message d'erreur de connexion &amp#27;[1m"Identifiants invalides"&amp#27;[22m&amp#27;[39m &amp#27;[90m# com.example.ShopSteps.jeVoisLeMessageErreurConnexion(java.lang.String)&amp#27;[39m
]]></system-out>
  </testcase>
  <testcase name="Inscription réussie" classname="RunCucumberTest" time="0.034">
    <system-out><![CDATA[
&amp#27;[1mScenario:&amp#27;[22m Inscription rÃ©ussie                                                                       &amp#27;[90m# classpath:features/creation-compte.feature:4&amp#27;[39m
  &amp#27;[32mâœ”&amp#27;[39m &amp#27;[32m&amp#27;[1mGiven &amp#27;[22mje suis sur le formulaire d'inscription&amp#27;[39m                                                   &amp#27;[90m# com.example.ShopSteps.jeSuisSurLeFormulaireInscription()&amp#27;[39m
  &amp#27;[32mâœ”&amp#27;[39m &amp#27;[32m&amp#27;[1mWhen &amp#27;[22mje m'inscris avec l'email &amp#27;[1m"alice@example.com"&amp#27;[22m, le nom &amp#27;[1m"alice"&amp#27;[22m et le mot de passe &amp#27;[1m"pass123"&amp#27;[22m&amp#27;[39m &amp#27;[90m# com.example.ShopSteps.jeMInscris(java.lang.String,java.lang.String,java.lang.String)&amp#27;[39m
  &amp#27;[32mâœ”&amp#27;[39m &amp#27;[32m&amp#27;[1mThen &amp#27;[22mmon compte est crÃ©Ã© avec succÃ¨s&amp#27;[39m                                                            &amp#27;[90m# com.example.ShopSteps.monCompteEstCree()&amp#27;[39m
  &amp#27;[32mâœ”&amp#27;[39m &amp#27;[32m&amp#27;[1mAnd &amp#27;[22mje reÃ§ois le message de confirmation &amp#27;[1m"Compte crÃ©Ã© avec succÃ¨s"&amp#27;[22m&amp#27;[39m                              &amp#27;[90m# com.example.ShopSteps.jeRecoisLeMessageDeConfirmation(java.lang.String)&amp#27;[39m
]]></system-out>
  </testcase>
  <testcase name="Inscription avec un identifiant déjà existant" classname="RunCucumberTest" time="0.12">
    <system-out><![CDATA[
&amp#27;[1mScenario:&amp#27;[22m Inscription avec un identifiant dÃ©jÃ  existant                                             &amp#27;[90m# classpath:features/creation-compte.feature:10&amp#27;[39m
  &amp#27;[32mâœ”&amp#27;[39m &amp#27;[32m&amp#27;[1mGiven &amp#27;[22mun utilisateur &amp#27;[1m"alice"&amp#27;[22m est dÃ©jÃ  inscrit&amp#27;[39m                                                   &amp#27;[90m# com.example.ShopSteps.unUtilisateurEstDejaInscrit(java.lang.String)&amp#27;[39m
  &amp#27;[32mâœ”&amp#27;[39m &amp#27;[32m&amp#27;[1mWhen &amp#27;[22mje m'inscris avec l'email &amp#27;[1m"alice@example.com"&amp#27;[22m, le nom &amp#27;[1m"alice"&amp#27;[22m et le mot de passe &amp#27;[1m"pass123"&amp#27;[22m&amp#27;[39m &amp#27;[90m# com.example.ShopSteps.jeMInscris(java.lang.String,java.lang.String,java.lang.String)&amp#27;[39m
  &amp#27;[32mâœ”&amp#27;[39m &amp#27;[32m&amp#27;[1mThen &amp#27;[22ml'inscription Ã©choue avec le message &amp#27;[1m"Identifiant dÃ©jÃ  utilisÃ©"&amp#27;[22m&amp#27;[39m                            &amp#27;[90m# com.example.ShopSteps.lInscriptionEchoue(java.lang.String)&amp#27;[39m
]]></system-out>
  </testcase>
  <testcase name="Sélection d&apos;une catégorie" classname="RunCucumberTest" time="0.02">
    <system-out><![CDATA[
&amp#27;[1mScenario:&amp#27;[22m SÃ©lection d'une catÃ©gorie                              &amp#27;[90m# classpath:features/navigation-categorie.feature:4&amp#27;[39m
  &amp#27;[32mâœ”&amp#27;[39m &amp#27;[32m&amp#27;[1mGiven &amp#27;[22mdes produits de la catÃ©gorie &amp#27;[1m"sport"&amp#27;[22m sont disponibles&amp#27;[39m  &amp#27;[90m# com.example.ShopSteps.desProduitsDeCategorie(java.lang.String)&amp#27;[39m
  &amp#27;[32mâœ”&amp#27;[39m &amp#27;[32m&amp#27;[1mWhen &amp#27;[22mje sÃ©lectionne la catÃ©gorie &amp#27;[1m"sport"&amp#27;[22m&amp#27;[39m                     &amp#27;[90m# com.example.ShopSteps.jeSelectionneCategorie(java.lang.String)&amp#27;[39m
  &amp#27;[32mâœ”&amp#27;[39m &amp#27;[32m&amp#27;[1mThen &amp#27;[22mje vois uniquement des produits de la catÃ©gorie &amp#27;[1m"sport"&amp#27;[22m&amp#27;[39m &amp#27;[90m# com.example.ShopSteps.jeVoisUniquementCategorie(java.lang.String)&amp#27;[39m
]]></system-out>
  </testcase>
  <testcase name="Recherche par mot-clé" classname="RunCucumberTest" time="0.038">
    <system-out><![CDATA[
&amp#27;[1mScenario:&amp#27;[22m Recherche par mot-clÃ©                                                 &amp#27;[90m# classpath:features/recherche-produits.feature:4&amp#27;[39m
  &amp#27;[32mâœ”&amp#27;[39m &amp#27;[32m&amp#27;[1mGiven &amp#27;[22mdes produits contenant &amp#27;[1m"chaussure"&amp#27;[22m sont disponibles dans le catalogue&amp#27;[39m &amp#27;[90m# com.example.ShopSteps.desProduitsContenant(java.lang.String)&amp#27;[39m
  &amp#27;[32mâœ”&amp#27;[39m &amp#27;[32m&amp#27;[1mWhen &amp#27;[22mje recherche le mot-clÃ© &amp#27;[1m"chaussure"&amp#27;[22m&amp#27;[39m                                    &amp#27;[90m# com.example.ShopSteps.jeRecherche(java.lang.String)&amp#27;[39m
  &amp#27;[32mâœ”&amp#27;[39m &amp#27;[32m&amp#27;[1mThen &amp#27;[22mles rÃ©sultats contiennent des produits avec &amp#27;[1m"chaussure"&amp#27;[22m dans le nom&amp#27;[39m    &amp#27;[90m# com.example.ShopSteps.lesResultatsContiennent(java.lang.String)&amp#27;[39m
]]></system-out>
  </testcase>
  <testcase name="Recherche par prix maximum" classname="RunCucumberTest" time="0.024">
    <system-out><![CDATA[
&amp#27;[1mScenario:&amp#27;[22m Recherche par prix maximum                                          &amp#27;[90m# classpath:features/recherche-produits.feature:9&amp#27;[39m
  &amp#27;[32mâœ”&amp#27;[39m &amp#27;[32m&amp#27;[1mGiven &amp#27;[22mdes produits Ã  diffÃ©rents prix sont disponibles dans le catalogue&amp#27;[39m   &amp#27;[90m# com.example.ShopSteps.desProduitsADifferentsPrix()&amp#27;[39m
  &amp#27;[32mâœ”&amp#27;[39m &amp#27;[32m&amp#27;[1mWhen &amp#27;[22mje recherche des produits avec un prix maximum de &amp#27;[1m50.0&amp#27;[22m&amp#27;[39m               &amp#27;[90m# com.example.ShopSteps.jeRechercheParPrixMax(double)&amp#27;[39m
  &amp#27;[32mâœ”&amp#27;[39m &amp#27;[32m&amp#27;[1mThen &amp#27;[22mtous les produits des rÃ©sultats ont un prix infÃ©rieur ou Ã©gal Ã  &amp#27;[1m50.0&amp#27;[22m&amp#27;[39m &amp#27;[90m# com.example.ShopSteps.tousLesProduitsPrixInferieur(double)&amp#27;[39m
]]></system-out>
  </testcase>
  <testcase name="Diminution de la quantité d&apos;un produit" classname="RunCucumberTest" time="0.02">
    <system-out><![CDATA[
&amp#27;[1mScenario:&amp#27;[22m Diminution de la quantitÃ© d'un produit                                       &amp#27;[90m# classpath:features/suppression-commande.feature:4&amp#27;[39m
  &amp#27;[32mâœ”&amp#27;[39m &amp#27;[32m&amp#27;[1mGiven &amp#27;[22mune commande avec l'identifiant &amp#27;[1m1&amp#27;[22m contenant dÃ©jÃ  le produit &amp#27;[1m10&amp#27;[22m en quantitÃ© &amp#27;[1m2&amp#27;[22m&amp#27;[39m &amp#27;[90m# com.example.ShopSteps.uneCommandeAvecProduit(long,long,int)&amp#27;[39m
  &amp#27;[32mâœ”&amp#27;[39m &amp#27;[32m&amp#27;[1mWhen &amp#27;[22mje supprime le produit &amp#27;[1m10&amp#27;[22m de la commande &amp#27;[1m1&amp#27;[22m&amp#27;[39m                                    &amp#27;[90m# com.example.ShopSteps.jeSupprimeProduit(long,long)&amp#27;[39m
  &amp#27;[32mâœ”&amp#27;[39m &amp#27;[32m&amp#27;[1mThen &amp#27;[22mle produit avec l'identifiant &amp#27;[1m10&amp#27;[22m est dans la commande avec une quantitÃ© de &amp#27;[1m1&amp#27;[22m&amp#27;[39m  &amp#27;[90m# com.example.ShopSteps.leProduitIdEstDansLaCommandeAvecQuantite(long,int)&amp#27;[39m
]]></system-out>
  </testcase>
  <testcase name="Suppression du produit quand la quantité est 1" classname="RunCucumberTest" time="0.016">
    <system-out><![CDATA[
&amp#27;[1mScenario:&amp#27;[22m Suppression du produit quand la quantitÃ© est 1                               &amp#27;[90m# classpath:features/suppression-commande.feature:9&amp#27;[39m
  &amp#27;[32mâœ”&amp#27;[39m &amp#27;[32m&amp#27;[1mGiven &amp#27;[22mune commande avec l'identifiant &amp#27;[1m1&amp#27;[22m contenant dÃ©jÃ  le produit &amp#27;[1m10&amp#27;[22m en quantitÃ© &amp#27;[1m1&amp#27;[22m&amp#27;[39m &amp#27;[90m# com.example.ShopSteps.uneCommandeAvecProduit(long,long,int)&amp#27;[39m
  &amp#27;[32mâœ”&amp#27;[39m &amp#27;[32m&amp#27;[1mWhen &amp#27;[22mje supprime le produit &amp#27;[1m10&amp#27;[22m de la commande &amp#27;[1m1&amp#27;[22m&amp#27;[39m                                    &amp#27;[90m# com.example.ShopSteps.jeSupprimeProduit(long,long)&amp#27;[39m
  &amp#27;[32mâœ”&amp#27;[39m &amp#27;[32m&amp#27;[1mThen &amp#27;[22mle produit avec l'identifiant &amp#27;[1m10&amp#27;[22m n'est plus dans la commande &amp#27;[1m1&amp#27;[22m&amp#27;[39m                &amp#27;[90m# com.example.ShopSteps.leProduitNestPlusDansLaCommande(long,long)&amp#27;[39m
]]></system-out>
  </testcase>
  <testcase name="Suppression d&apos;un produit absent de la commande" classname="RunCucumberTest" time="0.013">
    <system-out><![CDATA[
&amp#27;[1mScenario:&amp#27;[22m Suppression d'un produit absent de la commande                     &amp#27;[90m# classpath:features/suppression-commande.feature:14&amp#27;[39m
  &amp#27;[32mâœ”&amp#27;[39m &amp#27;[32m&amp#27;[1mGiven &amp#27;[22mune commande avec l'identifiant &amp#27;[1m1&amp#27;[22m existe&amp#27;[39m                           &amp#27;[90m# com.example.ShopSteps.uneCommandeExiste(long)&amp#27;[39m
  &amp#27;[32mâœ”&amp#27;[39m &amp#27;[32m&amp#27;[1mWhen &amp#27;[22mje supprime le produit &amp#27;[1m99&amp#27;[22m de la commande &amp#27;[1m1&amp#27;[22m&amp#27;[39m                          &amp#27;[90m# com.example.ShopSteps.jeSupprimeProduit(long,long)&amp#27;[39m
  &amp#27;[32mâœ”&amp#27;[39m &amp#27;[32m&amp#27;[1mThen &amp#27;[22mune erreur de commande &amp#27;[1m"Produit absent de la commande"&amp#27;[22m est renvoyÃ©e&amp#27;[39m &amp#27;[90m# com.example.ShopSteps.uneErreurEstRenvoyee(java.lang.String)&amp#27;[39m
]]></system-out>
  </testcase>
  <testcase name="Suppression sur une commande inexistante renvoie une erreur" classname="RunCucumberTest" time="0.016">
    <system-out><![CDATA[
&amp#27;[1mScenario:&amp#27;[22m Suppression sur une commande inexistante renvoie une erreur &amp#27;[90m# classpath:features/suppression-commande.feature:19&amp#27;[39m
  &amp#27;[32mâœ”&amp#27;[39m &amp#27;[32m&amp#27;[1mGiven &amp#27;[22maucune commande avec l'identifiant &amp#27;[1m99&amp#27;[22m&amp#27;[39m                       &amp#27;[90m# com.example.ShopSteps.aucuneCommande(long)&amp#27;[39m
  &amp#27;[32mâœ”&amp#27;[39m &amp#27;[32m&amp#27;[1mWhen &amp#27;[22mje supprime le produit &amp#27;[1m10&amp#27;[22m de la commande &amp#27;[1m99&amp#27;[22m&amp#27;[39m                  &amp#27;[90m# com.example.ShopSteps.jeSupprimeProduit(long,long)&amp#27;[39m
  &amp#27;[32mâœ”&amp#27;[39m &amp#27;[32m&amp#27;[1mThen &amp#27;[22mune erreur de commande &amp#27;[1m"Commande introuvable"&amp#27;[22m est renvoyÃ©e&amp#27;[39m   &amp#27;[90m# com.example.ShopSteps.uneErreurEstRenvoyee(java.lang.String)&amp#27;[39m
]]></system-out>
  </testcase>
  <testcase name="Validation réussie d&apos;une commande" classname="RunCucumberTest" time="0.018">
    <system-out><![CDATA[
&amp#27;[1mScenario:&amp#27;[22m Validation rÃ©ussie d'une commande                                             &amp#27;[90m# classpath:features/validation-commande.feature:4&amp#27;[39m
  &amp#27;[32mâœ”&amp#27;[39m &amp#27;[32m&amp#27;[1mGiven &amp#27;[22mune commande avec l'identifiant &amp#27;[1m1&amp#27;[22m existe&amp#27;[39m                                      &amp#27;[90m# com.example.ShopSteps.uneCommandeExiste(long)&amp#27;[39m
  &amp#27;[32mâœ”&amp#27;[39m &amp#27;[32m&amp#27;[1mWhen &amp#27;[22mje valide la commande &amp#27;[1m1&amp#27;[22m&amp#27;[39m                                                        &amp#27;[90m# com.example.ShopSteps.jeValideCommande(long)&amp#27;[39m
  &amp#27;[32mâœ”&amp#27;[39m &amp#27;[32m&amp#27;[1mThen &amp#27;[22mla commande est confirmÃ©e&amp#27;[39m                                                      &amp#27;[90m# com.example.ShopSteps.laCommandeEstConfirmee()&amp#27;[39m
  &amp#27;[32mâœ”&amp#27;[39m &amp#27;[32m&amp#27;[1mAnd &amp#27;[22mje reÃ§ois un message de confirmation de commande &amp#27;[1m"Commande validÃ©e avec succÃ¨s"&amp#27;[22m&amp#27;[39m &amp#27;[90m# com.example.ShopSteps.jeRecoisMessageConfirmationCommande(java.lang.String)&amp#27;[39m
]]></system-out>
  </testcase>
  <testcase name="Validation d&apos;une commande inexistante" classname="RunCucumberTest" time="0.023">
    <system-out><![CDATA[
&amp#27;[1mScenario:&amp#27;[22m Validation d'une commande inexistante                     &amp#27;[90m# classpath:features/validation-commande.feature:10&amp#27;[39m
  &amp#27;[32mâœ”&amp#27;[39m &amp#27;[32m&amp#27;[1mGiven &amp#27;[22maucune commande avec l'identifiant &amp#27;[1m99&amp#27;[22m&amp#27;[39m                     &amp#27;[90m# com.example.ShopSteps.aucuneCommande(long)&amp#27;[39m
  &amp#27;[32mâœ”&amp#27;[39m &amp#27;[32m&amp#27;[1mWhen &amp#27;[22mje valide la commande &amp#27;[1m99&amp#27;[22m&amp#27;[39m                                   &amp#27;[90m# com.example.ShopSteps.jeValideCommande(long)&amp#27;[39m
  &amp#27;[32mâœ”&amp#27;[39m &amp#27;[32m&amp#27;[1mThen &amp#27;[22mune erreur de commande &amp#27;[1m"Commande introuvable"&amp#27;[22m est renvoyÃ©e&amp#27;[39m &amp#27;[90m# com.example.ShopSteps.uneErreurEstRenvoyee(java.lang.String)&amp#27;[39m
]]></system-out>
  </testcase>
</testsuite>