<?xml version="1.0" encoding="UTF-8"?>
<testsuite xmlns:xsi="http://www.w3.org/2001/XMLSchema-instance" xsi:noNamespaceSchemaLocation="https://maven.apache.org/surefire/maven-surefire-plugin/xsd/surefire-test-report.xsd" version="3.0.2" name="com.example.roomapi.integration.RoomApiIntegrationTest" time="3.668" tests="1" errors="0" skipped="0" failures="0" flakes="0">
  <properties>
[...]
</properties>
  <testcase name="shouldCreateRoomThenReserveAndCancel" classname="com.example.roomapi.integration.RoomApiIntegrationTest" time="0.311">
    <system-out><![CDATA[2026-06-12T15:08:14.679+02:00  INFO 17348 --- [room-api] [           main] t.c.s.AnnotationConfigContextLoaderUtils : Could not detect default configuration classes for test class [com.example.roomapi.integration.RoomApiIntegrationTest]: RoomApiIntegrationTest does not declare any static, non-private, non-final, nested classes annotated with @Configuration.
2026-06-12T15:08:14.845+02:00  INFO 17348 --- [room-api] [           main] .b.t.c.SpringBootTestContextBootstrapper : Found @SpringBootConfiguration com.example.roomapi.RoomApiApplication for test class com.example.roomapi.integration.RoomApiIntegrationTest

  .   ____          _            __ _ _
 /\\ / ___'_ __ _ _(_)_ __  __ _ \ \ \ \
( ( )\___ | '_ | '_| | '_ \/ _` | \ \ \ \
 \\/  ___)| |_)| | | | | || (_| |  ) ) ) )
  '  |____| .__|_| |_|_| |_\__, | / / / /
 =========|_|==============|___/=/_/_/_/

 :: Spring Boot ::               (v3.5.11)

2026-06-12T15:08:15.035+02:00  INFO 17348 --- [room-api] [           main] c.e.r.i.RoomApiIntegrationTest           : Starting RoomApiIntegrationTest using Java 17.0.18 with PID 17348 (started by makse in C:\Users\makse\OneDrive\Documents\TP ARCHI\devflstk_mast1_test_java\exercice12)
2026-06-12T15:08:15.042+02:00  INFO 17348 --- [room-api] [           main] c.e.r.i.RoomApiIntegrationTest           : No active profile set, falling back to 1 default profile: "default"
2026-06-12T15:08:17.913+02:00  INFO 17348 --- [room-api] [           main] o.s.b.t.m.w.SpringBootMockServletContext : Initializing Spring TestDispatcherServlet ''
2026-06-12T15:08:17.915+02:00  INFO 17348 --- [room-api] [           main] o.s.t.web.servlet.TestDispatcherServlet  : Initializing Servlet ''
2026-06-12T15:08:17.934+02:00  INFO 17348 --- [room-api] [           main] o.s.t.web.servlet.TestDispatcherServlet  : Completed initialization in 19 ms
2026-06-12T15:08:18.014+02:00  INFO 17348 --- [room-api] [           main] c.e.r.i.RoomApiIntegrationTest           : Started RoomApiIntegrationTest in 3.127 seconds (process running for 34.487)
]]></system-out>
  </testcase>
</testsuite>