<?xml version="1.0" encoding="UTF-8" standalone="yes"?><!DOCTYPE report PUBLIC "-//JACOCO//DTD Report 1.1//EN" "report.dtd"><report name="ticket-api"><sessioninfo id="Maks-7da4a821" start="1781269663950" dump="1781269705037"/><package name="com/example/ticketapi/service"><class name="com/example/ticketapi/service/TicketService" sourcefilename="TicketService.java"><method name="&lt;init&gt;" desc="(Lcom/example/ticketapi/repository/TicketRepository;)V" line="18"><counter type="INSTRUCTION" missed="0" covered="6"/><counter type="LINE" missed="0" covered="3"/><counter type="COMPLEXITY" missed="0" covered="1"/><counter type="METHOD" missed="0" covered="1"/></method><method name="create" desc="(Ljava/lang/String;Lcom/example/ticketapi/model/TicketPriority;)Lcom/example/ticketapi/model/Ticket;" line="23"><counter type="INSTRUCTION" missed="5" covered="29"/><counter type="BRANCH" missed="2" covered="6"/><counter type="LINE" missed="1" covered="6"/><counter type="COMPLEXITY" missed="2" covered="3"/><counter type="METHOD" missed="0" covered="1"/></method><method name="getById" desc="(Ljava/lang/Long;)Lcom/example/ticketapi/model/Ticket;" line="36"><counter type="INSTRUCTION" missed="0" covered="9"/><counter type="LINE" missed="0" covered="2"/><counter type="COMPLEXITY" missed="0" covered="1"/><counter type="METHOD" missed="0" covered="1"/></method><method name="findAll" desc="()Ljava/util/List;" line="41"><counter type="INSTRUCTION" missed="4" covered="0"/><counter type="LINE" missed="1" covered="0"/><counter type="COMPLEXITY" missed="1" covered="0"/><counter type="METHOD" missed="1" covered="0"/></method><method name="updateStatus" desc="(Ljava/lang/Long;Lcom/example/ticketapi/model/TicketStatus;)Lcom/example/ticketapi/model/Ticket;" line="45"><counter type="INSTRUCTION" missed="0" covered="18"/><counter type="LINE" missed="0" covered="4"/><counter type="COMPLEXITY" missed="0" covered="1"/><counter type="METHOD" missed="0" covered="1"/></method><method name="validateTransition" desc="(Lcom/example/ticketapi/model/TicketStatus;Lcom/example/ticketapi/model/TicketStatus;)V" line="52"><counter type="INSTRUCTION" missed="4" covered="29"/><counter type="BRANCH" missed="2" covered="9"/><counter type="LINE" missed="0" covered="7"/><counter type="COMPLEXITY" missed="2" covered="5"/><counter type="METHOD" missed="0" covered="1"/></method><method name="deleteAll" desc="()V" line="63"><counter type="INSTRUCTION" missed="4" covered="0"/><counter type="LINE" missed="2" covered="0"/><counter type="COMPLEXITY" missed="1" covered="0"/><counter type="METHOD" missed="1" covered="0"/></method><method name="lambda$getById$0" desc="(Ljava/lang/Long;)Lcom/example/ticketapi/exception/TicketNotFoundException;" line="37"><counter type="INSTRUCTION" missed="0" covered="5"/><counter type="LINE" missed="0" covered="1"/><counter type="COMPLEXITY" missed="0" covered="1"/><counter type="METHOD" missed="0" covered="1"/></method><counter type="INSTRUCTION" missed="17" covered="96"/><counter type="BRANCH" missed="4" covered="15"/><counter type="LINE" missed="4" covered="22"/><counter type="COMPLEXITY" missed="6" covered="12"/><counter type="METHOD" missed="2" covered="6"/><counter type="CLASS" missed="0" covered="1"/></class><sourcefile name="TicketService.java"><line nr="18" mi="0" ci="2" mb="0" cb="0"/><line nr="19" mi="0" ci="3" mb="0" cb="0"/><line nr="20" mi="0" ci="1" mb="0" cb="0"/><line nr="23" mi="0" ci="5" mb="1" cb="3"/><line nr="24" mi="0" ci="5" mb="0" cb="0"/><line nr="26" mi="0" ci="5" mb="0" cb="2"/><line nr="27" mi="0" ci="5" mb="0" cb="0"/><line nr="29" mi="0" ci="2" mb="1" cb="1"/><line nr="30" mi="5" ci="0" mb="0" cb="0"/><line nr="32" mi="0" ci="7" mb="0" cb="0"/><line nr="36" mi="0" ci="7" mb="0" cb="0"/><line nr="37" mi="0" ci="7" mb="0" cb="0"/><line nr="41" mi="4" ci="0" mb="0" cb="0"/><line nr="45" mi="0" ci="4" mb="0" cb="0"/><line nr="46" mi="0" ci="5" mb="0" cb="0"/><line nr="47" mi="0" ci="4" mb="0" cb="0"/><line nr="48" mi="0" ci="5" mb="0" cb="0"/><line nr="52" mi="0" ci="5" mb="0" cb="3"/><line nr="53" mi="2" ci="8" mb="1" cb="3"/><line nr="54" mi="2" ci="5" mb="1" cb="1"/><line nr="55" mi="0" ci="2" mb="0" cb="0"/><line nr="57" mi="0" ci="2" mb="0" cb="2"/><line nr="58" mi="0" ci="6" mb="0" cb="0"/><line nr="60" mi="0" ci="1" mb="0" cb="0"/><line nr="63" mi="3" ci="0" mb="0" cb="0"/><line nr="64" mi="1" ci="0" mb="0" cb="0"/><counter type="INSTRUCTION" missed="17" covered="96"/><counter type="BRANCH" missed="4" covered="15"/><counter type="LINE" missed="4" covered="22"/><counter type="COMPLEXITY" missed="6" covered="12"/><counter type="METHOD" missed="2" covered="6"/><counter type="CLASS" missed="0" covered="1"/></sourcefile><counter type="INSTRUCTION" missed="17" covered="96"/><counter type="BRANCH" missed="4" covered="15"/><counter type="LINE" missed="4" covered="22"/><counter type="COMPLEXITY" missed="6" covered="12"/><counter type="METHOD" missed="2" covered="6"/><counter type="CLASS" missed="0" covered="1"/></package><package name="com/example/ticketapi/controller"><class name="com/example/ticketapi/controller/TicketController" sourcefilename="TicketController.java"><method name="&lt;init&gt;" desc="(Lcom/example/ticketapi/service/TicketService;)V" line="26"><counter type="INSTRUCTION" missed="0" covered="6"/><counter type="LINE" missed="0" covered="3"/><counter type="COMPLEXITY" missed="0" covered="1"/><counter type="METHOD" missed="0" covered="1"/></method><method name="create" desc="(Lcom/example/ticketapi/model/CreateTicketRequest;)Lorg/springframework/http/ResponseEntity;" line="32"><counter type="INSTRUCTION" missed="0" covered="19"/><counter type="LINE" missed="0" covered="5"/><counter type="COMPLEXITY" missed="0" covered="1"/><counter type="METHOD" missed="0" covered="1"/></method><method name="getById" desc="(Ljava/lang/Long;)Lorg/springframework/http/ResponseEntity;" line="41"><counter type="INSTRUCTION" missed="0" covered="9"/><counter type="LINE" missed="0" covered="2"/><counter type="COMPLEXITY" missed="0" covered="1"/><counter type="METHOD" missed="0" covered="1"/></method><method name="findAll" desc="()Lorg/springframework/http/ResponseEntity;" line="47"><counter type="INSTRUCTION" missed="11" covered="0"/><counter type="LINE" missed="4" covered="0"/><counter type="COMPLEXITY" missed="1" covered="0"/><counter type="METHOD" missed="1" covered="0"/></method><method name="updateStatus" desc="(Ljava/lang/Long;Lcom/example/ticketapi/model/UpdateTicketStatusRequest;)Lorg/springframework/http/ResponseEntity;" line="55"><counter type="INSTRUCTION" missed="0" covered="11"/><counter type="LINE" missed="0" covered="2"/><counter type="COMPLEXITY" missed="0" covered="1"/><counter type="METHOD" missed="0" covered="1"/></method><counter type="INSTRUCTION" missed="11" covered="45"/><counter type="LINE" missed="4" covered="12"/><counter type="COMPLEXITY" missed="1" covered="4"/><counter type="METHOD" missed="1" covered="4"/><counter type="CLASS" missed="0" covered="1"/></class><class name="com/example/ticketapi/controller/TicketApiExceptionHandler" sourcefilename="TicketApiExceptionHandler.java"><method name="&lt;init&gt;" desc="()V" line="13"><counter type="INSTRUCTION" missed="0" covered="3"/><counter type="LINE" missed="0" covered="1"/><counter type="COMPLEXITY" missed="0" covered="1"/><counter type="METHOD" missed="0" covered="1"/></method><method name="handleNotFound" desc="(Lcom/example/ticketapi/exception/TicketNotFoundException;)Lorg/springframework/http/ResponseEntity;" line="17"><counter type="INSTRUCTION" missed="0" covered="8"/><counter type="LINE" missed="0" covered="2"/><counter type="COMPLEXITY" missed="0" covered="1"/><counter type="METHOD" missed="0" covered="1"/></method><method name="handleConflict" desc="(Lcom/example/ticketapi/exception/InvalidStatusTransitionException;)Lorg/springframework/http/ResponseEntity;" line="23"><counter type="INSTRUCTION" missed="0" covered="8"/><counter type="LINE" missed="0" covered="2"/><counter type="COMPLEXITY" missed="0" covered="1"/><counter type="METHOD" missed="0" covered="1"/></method><method name="handleBadRequest" desc="(Ljava/lang/IllegalArgumentException;)Lorg/springframework/http/ResponseEntity;" line="29"><counter type="INSTRUCTION" missed="7" covered="0"/><counter type="LINE" missed="2" covered="0"/><counter type="COMPLEXITY" missed="1" covered="0"/><counter type="METHOD" missed="1" covered="0"/></method><method name="handleValidation" desc="(Lorg/springframework/web/bind/MethodArgumentNotValidException;)Lorg/springframework/http/ResponseEntity;" line="35"><counter type="INSTRUCTION" missed="0" covered="17"/><counter type="LINE" missed="0" covered="6"/><counter type="COMPLEXITY" missed="0" covered="1"/><counter type="METHOD" missed="0" covered="1"/></method><method name="lambda$handleValidation$0" desc="(Lorg/springframework/validation/FieldError;)Ljava/lang/String;" line="37"><counter type="INSTRUCTION" missed="0" covered="3"/><counter type="LINE" missed="0" covered="1"/><counter type="COMPLEXITY" missed="0" covered="1"/><counter type="METHOD" missed="0" covered="1"/></method><counter type="INSTRUCTION" missed="7" covered="39"/><counter type="LINE" missed="2" covered="11"/><counter type="COMPLEXITY" missed="1" covered="5"/><counter type="METHOD" missed="1" covered="5"/><counter type="CLASS" missed="0" covered="1"/></class><sourcefile name="TicketController.java"><line nr="26" mi="0" ci="2" mb="0" cb="0"/><line nr="27" mi="0" ci="3" mb="0" cb="0"/><line nr="28" mi="0" ci="1" mb="0" cb="0"/><line nr="32" mi="0" ci="8" mb="0" cb="0"/><line nr="33" mi="0" ci="3" mb="0" cb="0"/><line nr="34" mi="0" ci="2" mb="0" cb="0"/><line nr="35" mi="0" ci="5" mb="0" cb="0"/><line nr="36" mi="0" ci="1" mb="0" cb="0"/><line nr="41" mi="0" ci="5" mb="0" cb="0"/><line nr="42" mi="0" ci="4" mb="0" cb="0"/><line nr="47" mi="5" ci="0" mb="0" cb="0"/><line nr="48" mi="1" ci="0" mb="0" cb="0"/><line nr="49" mi="2" ci="0" mb="0" cb="0"/><line nr="50" mi="3" ci="0" mb="0" cb="0"/><line nr="55" mi="0" ci="7" mb="0" cb="0"/><line nr="56" mi="0" ci="4" mb="0" cb="0"/><counter type="INSTRUCTION" missed="11" covered="45"/><counter type="LINE" missed="4" covered="12"/><counter type="COMPLEXITY" missed="1" covered="4"/><counter type="METHOD" missed="1" covered="4"/><counter type="CLASS" missed="0" covered="1"/></sourcefile><sourcefile name="TicketApiExceptionHandler.java"><line nr="13" mi="0" ci="3" mb="0" cb="0"/><line nr="17" mi="0" ci="5" mb="0" cb="0"/><line nr="18" mi="0" ci="3" mb="0" cb="0"/><line nr="23" mi="0" ci="5" mb="0" cb="0"/><line nr="24" mi="0" ci="3" mb="0" cb="0"/><line nr="29" mi="4" ci="0" mb="0" cb="0"/><line nr="30" mi="3" ci="0" mb="0" cb="0"/><line nr="35" mi="0" ci="4" mb="0" cb="0"/><line nr="36" mi="0" ci="2" mb="0" cb="0"/><line nr="37" mi="0" ci="5" mb="0" cb="0"/><line nr="38" mi="0" ci="3" mb="0" cb="0"/><line nr="39" mi="0" ci="4" mb="0" cb="0"/><line nr="40" mi="0" ci="2" mb="0" cb="0"/><counter type="INSTRUCTION" missed="7" covered="39"/><counter type="LINE" missed="2" covered="11"/><counter type="COMPLEXITY" missed="1" covered="5"/><counter type="METHOD" missed="1" covered="5"/><counter type="CLASS" missed="0" covered="1"/></sourcefile><counter type="INSTRUCTION" missed="18" covered="84"/><counter type="LINE" missed="6" covered="23"/><counter type="COMPLEXITY" missed="2" covered="9"/><counter type="METHOD" missed="2" covered="9"/><counter type="CLASS" missed="0" covered="2"/></package><package name="com/example/ticketapi/repository"><class name="com/example/ticketapi/repository/InMemoryTicketRepository" sourcefilename="InMemoryTicketRepository.java"><method name="&lt;init&gt;" desc="()V" line="17"><counter type="INSTRUCTION" missed="0" covered="14"/><counter type="LINE" missed="0" covered="3"/><counter type="COMPLEXITY" missed="0" covered="1"/><counter type="METHOD" missed="0" covered="1"/></method><method name="save" desc="(Ljava/lang/String;Lcom/example/ticketapi/model/TicketPriority;)Lcom/example/ticketapi/model/Ticket;" line="24"><counter type="INSTRUCTION" missed="0" covered="21"/><counter type="LINE" missed="0" covered="4"/><counter type="COMPLEXITY" missed="0" covered="1"/><counter type="METHOD" missed="0" covered="1"/></method><method name="update" desc="(Lcom/example/ticketapi/model/Ticket;)Lcom/example/ticketapi/model/Ticket;" line="32"><counter type="INSTRUCTION" missed="0" covered="9"/><counter type="LINE" missed="0" covered="2"/><counter type="COMPLEXITY" missed="0" covered="1"/><counter type="METHOD" missed="0" covered="1"/></method><method name="findById" desc="(Ljava/lang/Long;)Ljava/util/Optional;" line="38"><counter type="INSTRUCTION" missed="0" covered="7"/><counter type="LINE" missed="0" covered="1"/><counter type="COMPLEXITY" missed="0" covered="1"/><counter type="METHOD" missed="0" covered="1"/></method><method name="findAll" desc="()Ljava/util/List;" line="43"><counter type="INSTRUCTION" missed="12" covered="0"/><counter type="LINE" missed="4" covered="0"/><counter type="COMPLEXITY" missed="1" covered="0"/><counter type="METHOD" missed="1" covered="0"/></method><method name="deleteAll" desc="()V" line="51"><counter type="INSTRUCTION" missed="0" covered="8"/><counter type="LINE" missed="0" covered="3"/><counter type="COMPLEXITY" missed="0" covered="1"/><counter type="METHOD" missed="0" covered="1"/></method><counter type="INSTRUCTION" missed="12" covered="59"/><counter type="LINE" missed="4" covered="13"/><counter type="COMPLEXITY" missed="1" covered="5"/><counter type="METHOD" missed="1" covered="5"/><counter type="CLASS" missed="0" covered="1"/></class><class name="com/example/ticketapi/repository/TicketRepository" sourcefilename="TicketRepository.java"/><sourcefile name="TicketRepository.java"/><sourcefile name="InMemoryTicketRepository.java"><line nr="17" mi="0" ci="2" mb="0" cb="0"/><line nr="19" mi="0" ci="6" mb="0" cb="0"/><line nr="20" mi="0" ci="6" mb="0" cb="0"/><line nr="24" mi="0" ci="5" mb="0" cb="0"/><line nr="25" mi="0" ci="8" mb="0" cb="0"/><line nr="26" mi="0" ci="6" mb="0" cb="0"/><line nr="27" mi="0" ci="2" mb="0" cb="0"/><line nr="32" mi="0" ci="7" mb="0" cb="0"/><line nr="33" mi="0" ci="2" mb="0" cb="0"/><line nr="38" mi="0" ci="7" mb="0" cb="0"/><line nr="43" mi="7" ci="0" mb="0" cb="0"/><line nr="44" mi="2" ci="0" mb="0" cb="0"/><line nr="45" mi="2" ci="0" mb="0" cb="0"/><line nr="46" mi="1" ci="0" mb="0" cb="0"/><line nr="51" mi="0" ci="3" mb="0" cb="0"/><line nr="52" mi="0" ci="4" mb="0" cb="0"/><line nr="53" mi="0" ci="1" mb="0" cb="0"/><counter type="INSTRUCTION" missed="12" covered="59"/><counter type="LINE" missed="4" covered="13"/><counter type="COMPLEXITY" missed="1" covered="5"/><counter type="METHOD" missed="1" covered="5"/><counter type="CLASS" missed="0" covered="1"/></sourcefile><counter type="INSTRUCTION" missed="12" covered="59"/><counter type="LINE" missed="4" covered="13"/><counter type="COMPLEXITY" missed="1" covered="5"/><counter type="METHOD" missed="1" covered="5"/><counter type="CLASS" missed="0" covered="1"/></package><counter type="INSTRUCTION" missed="47" covered="239"/><counter type="BRANCH" missed="4" covered="15"/><counter type="LINE" missed="14" covered="58"/><counter type="COMPLEXITY" missed="9" covered="26"/><counter type="METHOD" missed="5" covered="20"/><counter type="CLASS" missed="0" covered="4"/></report>