<?xml version="1.0" encoding="UTF-8"?>
<testsuite xmlns:xsi="http://www.w3.org/2001/XMLSchema-instance" xsi:noNamespaceSchemaLocation="https://maven.apache.org/surefire/maven-surefire-plugin/xsd/surefire-test-report.xsd" version="3.0.2" name="com.example.ticketapi.bdd.RunCucumberTest" time="5.688" tests="4" errors="0" skipped="0" failures="0" flakes="0">
  <properties>
[...]
</properties>
  <testcase name="Création d&apos;un ticket valide" classname="RunCucumberTest" time="0.712">
    <system-out><![CDATA[2026-06-12T15:08:23.866+02:00  INFO 5640 --- [ticket-api] [           main] t.c.s.AnnotationConfigContextLoaderUtils : Could not detect default configuration classes for test class [com.example.ticketapi.bdd.CucumberSpringConfiguration]: CucumberSpringConfiguration does not declare any static, non-private, non-final, nested classes annotated with @Configuration.
2026-06-12T15:08:23.967+02:00  INFO 5640 --- [ticket-api] [           main] .b.t.c.SpringBootTestContextBootstrapper : Found @SpringBootConfiguration com.example.ticketapi.TicketApiApplication for test class com.example.ticketapi.bdd.CucumberSpringConfiguration

Scenario: CrÃ©ation d'un ticket valide                                                &amp#27;[90m# features/tickets.feature:3&amp#27;[0m
  &amp#27;[32mGiven &amp#27;[0m&amp#27;[32maucun ticket n'existe&amp#27;[0m                                                        &amp#27;[90m# com.example.ticketapi.bdd.TicketApiStepDefinitions.noTicketExists()&amp#27;[0m
  &amp#27;[32mWhen &amp#27;[0m&amp#27;[32mje crÃ©e un ticket avec le titre &amp#27;[0m&amp#27;[32m&amp#27;[1m"ProblÃ¨me de connexion"&amp#27;[0m&amp#27;[32m et la prioritÃ© &amp#27;[0m&amp#27;[32m&amp#27;[1m"HIGH"&amp#27;[0m &amp#27;[90m# com.example.ticketapi.bdd.TicketApiStepDefinitions.createTicket(java.lang.String,java.lang.String)&amp#27;[0m
  &amp#27;[32mThen &amp#27;[0m&amp#27;[32mla rÃ©ponse HTTP doit Ãªtre &amp#27;[0m&amp#27;[32m&amp#27;[1m201&amp#27;[0m                                                 &amp#27;[90m# com.example.ticketapi.bdd.TicketApiStepDefinitions.responseStatusShouldBe(int)&amp#27;[0m
  &amp#27;[32mAnd &amp#27;[0m&amp#27;[32mle ticket est crÃ©Ã© avec le statut &amp#27;[0m&amp#27;[32m&amp#27;[1m"OPEN"&amp#27;[0m                                       &amp#27;[90m# com.example.ticketapi.bdd.TicketApiStepDefinitions.ticketHasStatus(java.lang.String)&amp#27;[0m
]]></system-out>
  </testcase>
  <testcase name="Résolution d&apos;un ticket" classname="RunCucumberTest" time="0.097">
    <system-out><![CDATA[2026-06-12T15:08:24.433+02:00  INFO 5640 --- [ticket-api] [           main] t.c.s.AnnotationConfigContextLoaderUtils : Could not detect default configuration classes for test class [com.example.ticketapi.bdd.CucumberSpringConfiguration]: CucumberSpringConfiguration does not declare any static, non-private, non-final, nested classes annotated with @Configuration.
2026-06-12T15:08:24.447+02:00  INFO 5640 --- [ticket-api] [           main] .b.t.c.SpringBootTestContextBootstrapper : Found @SpringBootConfiguration com.example.ticketapi.TicketApiApplication for test class com.example.ticketapi.bdd.CucumberSpringConfiguration

Scenario: RÃ©solution d'un ticket                                            &amp#27;[90m# features/tickets.feature:9&amp#27;[0m
  &amp#27;[32mGiven &amp#27;[0m&amp#27;[32mun ticket existe avec le titre &amp#27;[0m&amp#27;[32m&amp#27;[1m"Bug critique"&amp#27;[0m&amp#27;[32m et la prioritÃ© &amp#27;[0m&amp#27;[32m&amp#27;[1m"HIGH"&amp#27;[0m &amp#27;[90m# com.example.ticketapi.bdd.TicketApiStepDefinitions.ticketExistsWithTitle(java.lang.String,java.lang.String)&amp#27;[0m
  &amp#27;[32mWhen &amp#27;[0m&amp#27;[32mje modifie le statut du ticket vers &amp#27;[0m&amp#27;[32m&amp#27;[1m"RESOLVED"&amp#27;[0m                       &amp#27;[90m# com.example.ticketapi.bdd.TicketApiStepDefinitions.updateTicketStatus(java.lang.String)&amp#27;[0m
  &amp#27;[32mThen &amp#27;[0m&amp#27;[32mla rÃ©ponse HTTP doit Ãªtre &amp#27;[0m&amp#27;[32m&amp#27;[1m200&amp#27;[0m                                        &amp#27;[90m# com.example.ticketapi.bdd.TicketApiStepDefinitions.responseStatusShouldBe(int)&amp#27;[0m
  &amp#27;[32mAnd &amp#27;[0m&amp#27;[32mle ticket a le statut &amp#27;[0m&amp#27;[32m&amp#27;[1m"RESOLVED"&amp#27;[0m                                      &amp#27;[90m# com.example.ticketapi.bdd.TicketApiStepDefinitions.ticketStatusIs(java.lang.String)&amp#27;[0m
]]></system-out>
  </testcase>
  <testcase name="Refus de modification d&apos;un ticket déjà résolu" classname="RunCucumberTest" time="0.137">
    <system-out><![CDATA[2026-06-12T15:08:24.534+02:00  INFO 5640 --- [ticket-api] [           main] t.c.s.AnnotationConfigContextLoaderUtils : Could not detect default configuration classes for test class [com.example.ticketapi.bdd.CucumberSpringConfiguration]: CucumberSpringConfiguration does not declare any static, non-private, non-final, nested classes annotated with @Configuration.
2026-06-12T15:08:24.544+02:00  INFO 5640 --- [ticket-api] [           main] .b.t.c.SpringBootTestContextBootstrapper : Found @SpringBootConfiguration com.example.ticketapi.TicketApiApplication for test class com.example.ticketapi.bdd.CucumberSpringConfiguration

Scenario: Refus de modification d'un ticket dÃ©jÃ  rÃ©solu   &amp#27;[90m# features/tickets.feature:15&amp#27;[0m
  &amp#27;[32mGiven &amp#27;[0m&amp#27;[32mun ticket rÃ©solu existe&amp#27;[0m                           &amp#27;[90m# com.example.ticketapi.bdd.TicketApiStepDefinitions.resolvedTicketExists()&amp#27;[0m
  &amp#27;[32mWhen &amp#27;[0m&amp#27;[32mje tente de modifier son statut vers &amp#27;[0m&amp#27;[32m&amp#27;[1m"IN_PROGRESS"&amp#27;[0m &amp#27;[90m# com.example.ticketapi.bdd.TicketApiStepDefinitions.tryUpdateTicketStatus(java.lang.String)&amp#27;[0m
  &amp#27;[32mThen &amp#27;[0m&amp#27;[32mla rÃ©ponse HTTP doit Ãªtre &amp#27;[0m&amp#27;[32m&amp#27;[1m409&amp#27;[0m                      &amp#27;[90m# com.example.ticketapi.bdd.TicketApiStepDefinitions.responseStatusShouldBe(int)&amp#27;[0m
]]></system-out>
  </testcase>
  <testcase name="Consultation d&apos;un ticket inexistant" classname="RunCucumberTest" time="0.131">
    <system-out><![CDATA[2026-06-12T15:08:24.679+02:00  INFO 5640 --- [ticket-api] [           main] t.c.s.AnnotationConfigContextLoaderUtils : Could not detect default configuration classes for test class [com.example.ticketapi.bdd.CucumberSpringConfiguration]: CucumberSpringConfiguration does not declare any static, non-private, non-final, nested classes annotated with @Configuration.
2026-06-12T15:08:24.683+02:00  INFO 5640 --- [ticket-api] [           main] .b.t.c.SpringBootTestContextBootstrapper : Found @SpringBootConfiguration com.example.ticketapi.TicketApiApplication for test class com.example.ticketapi.bdd.CucumberSpringConfiguration

Scenario: Consultation d'un ticket inexistant       &amp#27;[90m# features/tickets.feature:20&amp#27;[0m
  &amp#27;[32mGiven &amp#27;[0m&amp#27;[32maucun ticket n'existe&amp#27;[0m                       &amp#27;[90m# com.example.ticketapi.bdd.TicketApiStepDefinitions.noTicketExists()&amp#27;[0m
  &amp#27;[32mWhen &amp#27;[0m&amp#27;[32mje consulte le ticket avec l'identifiant &amp#27;[0m&amp#27;[32m&amp#27;[1m999&amp#27;[0m &amp#27;[90m# com.example.ticketapi.bdd.TicketApiStepDefinitions.getTicketById(java.lang.Long)&amp#27;[0m
  &amp#27;[32mThen &amp#27;[0m&amp#27;[32mla rÃ©ponse HTTP doit Ãªtre &amp#27;[0m&amp#27;[32m&amp#27;[1m404&amp#27;[0m                &amp#27;[90m# com.example.ticketapi.bdd.TicketApiStepDefinitions.responseStatusShouldBe(int)&amp#27;[0m
]]></system-out>
  </testcase>
</testsuite>