<?xml version="1.0" encoding="UTF-8"?>
<testsuite xmlns:xsi="http://www.w3.org/2001/XMLSchema-instance" xsi:noNamespaceSchemaLocation="https://maven.apache.org/surefire/maven-surefire-plugin/xsd/surefire-test-report.xsd" version="3.0.2" name="com.example.mediacity.bdd.RunCucumberTest" time="0.696" tests="5" errors="0" skipped="0" failures="0" flakes="0">
  <properties>
[...]
</properties>
  <testcase name="Réservation d&apos;un ouvrage indisponible" classname="RunCucumberTest" time="0.098">
    <system-out><![CDATA[
Scénario: Réservation d'un ouvrage indisponible            &amp#27;[90m# features/mediacity.feature:4&amp#27;[0m
  &amp#27;[32mEtant donné &amp#27;[0m&amp#27;[32mle livre &amp#27;[0m&amp#27;[32m&amp#27;[1m"Dune"&amp#27;[0m&amp#27;[32m est emprunté par un adhérent&amp#27;[0m &amp#27;[90m# com.example.mediacity.bdd.MediaCityStepDefinitions.bookIsBorrowed(java.lang.String)&amp#27;[0m
  &amp#27;[32mQuand &amp#27;[0m&amp#27;[32mun autre adhérent réserve &amp#27;[0m&amp#27;[32m&amp#27;[1m"Dune"&amp#27;[0m                   &amp#27;[90m# com.example.mediacity.bdd.MediaCityStepDefinitions.anotherMemberReserves(java.lang.String)&amp#27;[0m
  &amp#27;[32mAlors &amp#27;[0m&amp#27;[32mla réservation est enregistrée avec succès&amp#27;[0m         &amp#27;[90m# com.example.mediacity.bdd.MediaCityStepDefinitions.reservationIsSuccessful()&amp#27;[0m
]]></system-out>
  </testcase>
  <testcase name="Plusieurs réservations sur le même ouvrage" classname="RunCucumberTest" time="0.014">
    <system-out><![CDATA[
Scénario: Plusieurs réservations sur le même ouvrage               &amp#27;[90m# features/mediacity.feature:9&amp#27;[0m
  &amp#27;[32mEtant donné &amp#27;[0m&amp#27;[32mle livre &amp#27;[0m&amp#27;[32m&amp#27;[1m"Fondation"&amp#27;[0m&amp#27;[32m est emprunté par un adhérent&amp#27;[0m    &amp#27;[90m# com.example.mediacity.bdd.MediaCityStepDefinitions.bookIsBorrowed(java.lang.String)&amp#27;[0m
  &amp#27;[32mQuand &amp#27;[0m&amp#27;[32mdeux adhérents différents réservent &amp#27;[0m&amp#27;[32m&amp#27;[1m"Fondation"&amp#27;[0m            &amp#27;[90m# com.example.mediacity.bdd.MediaCityStepDefinitions.twoMembersReserve(java.lang.String)&amp#27;[0m
  &amp#27;[32mAlors &amp#27;[0m&amp#27;[32mla file d'attente contient &amp#27;[0m&amp#27;[32m&amp#27;[1m2&amp#27;[0m&amp#27;[32m réservations pour &amp#27;[0m&amp#27;[32m&amp#27;[1m"Fondation"&amp#27;[0m &amp#27;[90m# com.example.mediacity.bdd.MediaCityStepDefinitions.queueContainsReservations(int,java.lang.String)&amp#27;[0m
]]></system-out>
  </testcase>
  <testcase name="Restitution d&apos;un ouvrage réservé" classname="RunCucumberTest" time="0.011">
    <system-out><![CDATA[
Scénario: Restitution d'un ouvrage réservé                          &amp#27;[90m# features/mediacity.feature:14&amp#27;[0m
  &amp#27;[32mEtant donné &amp#27;[0m&amp#27;[32mle livre &amp#27;[0m&amp#27;[32m&amp#27;[1m"Neuromancien"&amp#27;[0m&amp#27;[32m est emprunté par &amp#27;[0m&amp#27;[32m&amp#27;[1m"Alice"&amp#27;[0m      &amp#27;[90m# com.example.mediacity.bdd.MediaCityStepDefinitions.bookIsBorrowedByMember(java.lang.String,java.lang.String)&amp#27;[0m
  &amp#27;[32mEt &amp#27;[0m&amp#27;[32m&amp#27;[0m&amp#27;[32m&amp#27;[1m"Bob"&amp#27;[0m&amp#27;[32m a réservé &amp#27;[0m&amp#27;[32m&amp#27;[1m"Neuromancien"&amp#27;[0m                                 &amp#27;[90m# com.example.mediacity.bdd.MediaCityStepDefinitions.memberHasReserved(java.lang.String,java.lang.String)&amp#27;[0m
  &amp#27;[32mQuand &amp#27;[0m&amp#27;[32m&amp#27;[0m&amp#27;[32m&amp#27;[1m"Alice"&amp#27;[0m&amp#27;[32m rend &amp#27;[0m&amp#27;[32m&amp#27;[1m"Neuromancien"&amp#27;[0m                                 &amp#27;[90m# com.example.mediacity.bdd.MediaCityStepDefinitions.memberReturnsBook(java.lang.String,java.lang.String)&amp#27;[0m
  &amp#27;[32mAlors &amp#27;[0m&amp#27;[32mla prochaine réservation pour &amp#27;[0m&amp#27;[32m&amp#27;[1m"Neuromancien"&amp#27;[0m&amp#27;[32m est pour &amp#27;[0m&amp#27;[32m&amp#27;[1m"Bob"&amp#27;[0m &amp#27;[90m# com.example.mediacity.bdd.MediaCityStepDefinitions.nextReservationIsFor(java.lang.String,java.lang.String)&amp#27;[0m
]]></system-out>
  </testcase>
  <testcase name="Refus d&apos;une réservation pour un adhérent suspendu" classname="RunCucumberTest" time="0.007">
    <system-out><![CDATA[
Scénario: Refus d'une réservation pour un adhérent suspendu   &amp#27;[90m# features/mediacity.feature:20&amp#27;[0m
  &amp#27;[32mEtant donné &amp#27;[0m&amp#27;[32ml'adhérent &amp#27;[0m&amp#27;[32m&amp#27;[1m"Charlie"&amp#27;[0m&amp#27;[32m est suspendu&amp#27;[0m               &amp#27;[90m# com.example.mediacity.bdd.MediaCityStepDefinitions.memberIsSuspended(java.lang.String)&amp#27;[0m
  &amp#27;[32mQuand &amp#27;[0m&amp#27;[32m&amp#27;[0m&amp#27;[32m&amp#27;[1m"Charlie"&amp#27;[0m&amp#27;[32m tente de réserver &amp#27;[0m&amp#27;[32m&amp#27;[1m"Le Seigneur des Anneaux"&amp#27;[0m &amp#27;[90m# com.example.mediacity.bdd.MediaCityStepDefinitions.memberTriesToReserve(java.lang.String,java.lang.String)&amp#27;[0m
  &amp#27;[32mAlors &amp#27;[0m&amp#27;[32mla réservation est refusée&amp#27;[0m                            &amp#27;[90m# com.example.mediacity.bdd.MediaCityStepDefinitions.reservationIsRefused()&amp#27;[0m
]]></system-out>
  </testcase>
  <testcase name="Calcul de pénalité pour retard de retour" classname="RunCucumberTest" time="0.008">
    <system-out><![CDATA[
Scénario: Calcul de pénalité pour retard de retour        &amp#27;[90m# features/mediacity.feature:25&amp#27;[0m
  &amp#27;[32mEtant donné &amp#27;[0m&amp#27;[32m&amp#27;[0m&amp#27;[32m&amp#27;[1m"Alice"&amp#27;[0m&amp#27;[32m a emprunté &amp#27;[0m&amp#27;[32m&amp#27;[1m"1984"&amp#27;[0m&amp#27;[32m le &amp#27;[0m&amp#27;[32m&amp#27;[1m1&amp#27;[0m&amp#27;[32m janvier &amp#27;[0m&amp#27;[32m&amp#27;[1m2026&amp#27;[0m &amp#27;[90m# com.example.mediacity.bdd.MediaCityStepDefinitions.memberBorrowedBookOnDate(java.lang.String,java.lang.String,int,int)&amp#27;[0m
  &amp#27;[32mQuand &amp#27;[0m&amp#27;[32m&amp#27;[0m&amp#27;[32m&amp#27;[1m"Alice"&amp#27;[0m&amp#27;[32m rend &amp#27;[0m&amp#27;[32m&amp#27;[1m"1984"&amp#27;[0m&amp#27;[32m le &amp#27;[0m&amp#27;[32m&amp#27;[1m31&amp#27;[0m&amp#27;[32m janvier &amp#27;[0m&amp#27;[32m&amp#27;[1m2026&amp#27;[0m            &amp#27;[90m# com.example.mediacity.bdd.MediaCityStepDefinitions.memberReturnsBookOnDate(java.lang.String,java.lang.String,int,int)&amp#27;[0m
  &amp#27;[32mAlors &amp#27;[0m&amp#27;[32mla pénalité est de &amp#27;[0m&amp#27;[32m&amp#27;[1m"1.35"&amp#27;[0m&amp#27;[32m €&amp#27;[0m                       &amp#27;[90m# com.example.mediacity.bdd.MediaCityStepDefinitions.penaltyIs(java.lang.String)&amp#27;[0m
]]></system-out>
  </testcase>
</testsuite>