<?xml version="1.0" encoding="UTF-8"?>
<testsuite xmlns:xsi="http://www.w3.org/2001/XMLSchema-instance" xsi:noNamespaceSchemaLocation="https://maven.apache.org/surefire/maven-surefire-plugin/xsd/surefire-test-report.xsd" version="3.0.2" name="com.example.mediacity.service.LoanServiceTest" time="1.234" tests="11" errors="0" skipped="0" failures="0" flakes="0">
  <properties>
[...]
</properties>
  <testcase name="shouldThrowBookAlreadyBorrowed_whenBookHasActiveLoan" classname="com.example.mediacity.service.LoanServiceTest" time="1.153">
    <system-err><![CDATA[Mockito is currently self-attaching to enable the inline-mock-maker. This will no longer work in future releases of the JDK. Please add Mockito as an agent to your build as described in Mockito's documentation: https://javadoc.io/doc/org.mockito/mockito-core/latest/org/mockito/Mockito.html#0.3
WARNING: A Java agent has been loaded dynamically (C:\Users\makse\.m2\repository\net\bytebuddy\byte-buddy-agent\1.15.11\byte-buddy-agent-1.15.11.jar)
WARNING: If a serviceability tool is in use, please run with -XX:+EnableDynamicAgentLoading to hide this warning
WARNING: If a serviceability tool is not in use, please run with -Djdk.instrument.traceUsage for more information
WARNING: Dynamic loading of agents will be disallowed by default in a future release
]]></system-err>
  </testcase>
  <testcase name="shouldCountLateReturnsInYear" classname="com.example.mediacity.service.LoanServiceTest" time="0.008"/>
  <testcase name="shouldReturnZeroPenalty_whenBookReturnedOnTime" classname="com.example.mediacity.service.LoanServiceTest" time="0.007"/>
  <testcase name="shouldCalculatePenalty_whenBookReturnedLate" classname="com.example.mediacity.service.LoanServiceTest" time="0.003"/>
  <testcase name="shouldReturnTrue_whenBookHasNoActiveLoan" classname="com.example.mediacity.service.LoanServiceTest" time="0.004"/>
  <testcase name="shouldDetectSuspensionAfterThreeLateReturns" classname="com.example.mediacity.service.LoanServiceTest" time="0.003"/>
  <testcase name="shouldReturnZeroPenalty_whenBookReturnedBeforeDueDate" classname="com.example.mediacity.service.LoanServiceTest" time="0.005"/>
  <testcase name="shouldThrowLoanNotFound_whenLoanDoesNotExist" classname="com.example.mediacity.service.LoanServiceTest" time="0.003"/>
  <testcase name="shouldThrowMemberSuspended_whenMemberIsSuspended" classname="com.example.mediacity.service.LoanServiceTest" time="0.003"/>
  <testcase name="shouldReturnFalse_whenBookHasActiveLoan" classname="com.example.mediacity.service.LoanServiceTest" time="0.002"/>
  <testcase name="shouldCreateLoan_whenMemberIsActiveAndBookIsAvailable" classname="com.example.mediacity.service.LoanServiceTest" time="0.005"/>
</testsuite>